#
# A fatal error has been detected by the Java Runtime Environment:
#
#  Internal Error (./src/hotspot/share/oops/methodData.cpp:1079), pid=2712, tid=22000
#  Error: ShouldNotReachHere()
#
# JRE version: OpenJDK Runtime Environment (11.0.13) (build 11.0.13+0-b1751.21-8125866)
# Java VM: OpenJDK 64-Bit Server VM (11.0.13+0-b1751.21-8125866, mixed mode, tiered, compressed oops, g1 gc, windows-amd64)
# No core dump will be written. Minidumps are not enabled by default on client versions of Windows
#
# If you would like to submit a bug report, please visit:
#   https://bugreport.java.com/bugreport/crash.jsp
#

---------------  S U M M A R Y ------------

Command Line: --add-opens=java.base/java.util=ALL-UNNAMED --add-opens=java.base/java.lang=ALL-UNNAMED --add-opens=java.base/java.lang.invoke=ALL-UNNAMED --add-opens=java.base/java.util=ALL-UNNAMED --add-opens=java.prefs/java.util.prefs=ALL-UNNAMED --add-opens=java.prefs/java.util.prefs=ALL-UNNAMED --add-opens=java.base/java.nio.charset=ALL-UNNAMED --add-opens=java.base/java.net=ALL-UNNAMED --add-opens=java.base/java.util.concurrent.atomic=ALL-UNNAMED -Xmx2048m -Dfile.encoding=UTF-8 -Duser.country=GB -Duser.language=en -Duser.variant org.gradle.launcher.daemon.bootstrap.GradleDaemon 7.4

Host: Intel(R) Core(TM) i5-1035G4 CPU @ 1.10GHz, 8 cores, 7G,  Windows 11 , 64 bit Build 22000 (10.0.22000.708)
Time: Tue Nov  1 16:48:47 2022 W. Europe Standard Time elapsed time: 4907.866529 seconds (0d 1h 21m 47s)

---------------  T H R E A D  ---------------

Current thread (0x0000021648fe7800):  GCTaskThread "GC Thread#2" [stack: 0x00000090b7e00000,0x00000090b7f00000] [id=22000]

Stack: [0x00000090b7e00000,0x00000090b7f00000]
[error occurred during error reporting (printing stack bounds), id 0xc0000005, EXCEPTION_ACCESS_VIOLATION (0xc0000005) at pc=0x000002162f3a12e7]

Native frames: (J=compiled Java code, j=interpreted, Vv=VM code, C=native code)
V  [jvm.dll+0x6100fa]
V  [jvm.dll+0x747090]
V  [jvm.dll+0x7486ad]
V  [jvm.dll+0x748ce5]
V  [jvm.dll+0x748c9b]
V  [jvm.dll+0x60f224]
V  [jvm.dll+0x60f9b8]
C  [ntdll.dll+0xa8b1f]
C  [ntdll.dll+0x35b9a]
C  [ntdll.dll+0xa7b2e]
C  0x000002162f3a12e7


---------------  P R O C E S S  ---------------

Threads class SMR info:
_java_thread_list=0x0000021659ee4ed0, length=158, elements={
0x000002162b87b000, 0x0000021646447800, 0x000002164644a800, 0x0000021646462800,
0x0000021646463800, 0x0000021646464800, 0x000002164646a800, 0x000002164646f000,
0x0000021646478800, 0x0000021646f59000, 0x0000021649247800, 0x0000021647318000,
0x0000021649ebe000, 0x000002164a414000, 0x000002164a416800, 0x000002164a417800,
0x000002164a413800, 0x000002164a415000, 0x0000021649505800, 0x0000021649504000,
0x0000021649506800, 0x0000021649507000, 0x0000021649508000, 0x000002164c021000,
0x000002164c01c000, 0x000002164c01f800, 0x000002164c01d000, 0x000002164c01e000,
0x000002164c020000, 0x000002164f074800, 0x000002164f07c800, 0x0000021654fe0000,
0x0000021659ca3800, 0x0000021647381000, 0x000002164950d800, 0x000002164f073800,
0x0000021647380800, 0x000002164737e000, 0x000002164737a000, 0x000002164f078800,
0x000002164737a800, 0x0000021647376800, 0x00000216473b0800, 0x000002164f07f000,
0x000002164e2bc000, 0x0000021659c9c000, 0x0000021659c9d800, 0x0000021659c9d000,
0x0000021659c99800, 0x0000021659c9e800, 0x0000021659c98800, 0x0000021659ca0000,
0x0000021659c9b000, 0x0000021659c9f000, 0x0000021659c9a800, 0x0000021659ca1000,
0x0000021659ca5000, 0x0000021659ca7800, 0x0000021659ca2800, 0x0000021659ca1800,
0x0000021659ca6000, 0x0000021659ca4000, 0x0000021659ca6800, 0x0000021654fd5800,
0x0000021654fd9800, 0x0000021654fd4000, 0x0000021654fd6800, 0x0000021654fd7000,
0x0000021654fda800, 0x0000021654fd8000, 0x0000021654fd5000, 0x0000021654fde800,
0x0000021654fdd000, 0x0000021654fd9000, 0x0000021654fe1000, 0x0000021654fdc000,
0x0000021654fdf800, 0x0000021654fdb800, 0x0000021654fdd800, 0x0000021654fe2000,
0x0000021654fe2800, 0x000002164e2b4000, 0x000002164e2af000, 0x000002164e2b5000,
0x000002164e2b0000, 0x000002164e2b1800, 0x000002164e2b5800, 0x000002164e2b2800,
0x000002164e2b1000, 0x000002164e2b7800, 0x000002164e2b8000, 0x000002164e2b9000,
0x000002164e2b3000, 0x000002164e2ba000, 0x000002164e2ba800, 0x000002164e2bd000,
0x000002164e2bb800, 0x000002164e2be000, 0x00000216473ae000, 0x00000216473b1800,
0x00000216473b2000, 0x00000216473ac800, 0x00000216473b3000, 0x00000216473ad800,
0x00000216473b4000, 0x00000216473b4800, 0x00000216473af000, 0x00000216473b5800,
0x00000216473b0000, 0x00000216473bb000, 0x00000216473b9000, 0x00000216473b7000,
0x00000216473b9800, 0x00000216473ba800, 0x000002164f072800, 0x000002164f075000,
0x000002164f076000, 0x000002164f070800, 0x000002164f077000, 0x000002164f071000,
0x000002164f077800, 0x000002164f072000, 0x000002164f079800, 0x000002164f07a000,
0x000002164f07b000, 0x000002164f07d800, 0x000002164f07b800, 0x000002164f07e000,
0x0000021649504800, 0x0000021649502000, 0x0000021649508800, 0x0000021649503000,
0x000002164950f000, 0x0000021649509800, 0x000002164950c000, 0x000002164950e800,
0x0000021649510000, 0x000002164950a800, 0x000002164950d000, 0x000002164950b000,
0x0000021647376000, 0x0000021647377800, 0x0000021647378800, 0x0000021647379000,
0x0000021647375000, 0x000002164737b800, 0x000002164737f000, 0x000002164737f800,
0x0000021647382000, 0x000002164737c800, 0x0000021647383000, 0x000002164737d000,
0x000002164c016800, 0x000002164c017000, 0x000002164c014000, 0x000002164c015800,
0x000002164c015000, 0x000002164c018000
}

Java Threads: ( => current thread )
  0x000002162b87b000 JavaThread "main" [_thread_blocked, id=14068, stack(0x00000090b6100000,0x00000090b6200000)]
  0x0000021646447800 JavaThread "Reference Handler" daemon [_thread_blocked, id=12936, stack(0x00000090b6800000,0x00000090b6900000)]
  0x000002164644a800 JavaThread "Finalizer" daemon [_thread_blocked, id=16808, stack(0x00000090b6900000,0x00000090b6a00000)]
  0x0000021646462800 JavaThread "Signal Dispatcher" daemon [_thread_blocked, id=6988, stack(0x00000090b6a00000,0x00000090b6b00000)]
  0x0000021646463800 JavaThread "Attach Listener" daemon [_thread_blocked, id=18304, stack(0x00000090b6b00000,0x00000090b6c00000)]
  0x0000021646464800 JavaThread "Service Thread" daemon [_thread_blocked, id=13712, stack(0x00000090b6c00000,0x00000090b6d00000)]
  0x000002164646a800 JavaThread "C2 CompilerThread0" daemon [_thread_blocked, id=13468, stack(0x00000090b6d00000,0x00000090b6e00000)]
  0x000002164646f000 JavaThread "C1 CompilerThread0" daemon [_thread_blocked, id=23320, stack(0x00000090b6e00000,0x00000090b6f00000)]
  0x0000021646478800 JavaThread "Sweeper thread" daemon [_thread_blocked, id=12408, stack(0x00000090b6f00000,0x00000090b7000000)]
  0x0000021646f59000 JavaThread "Common-Cleaner" daemon [_thread_blocked, id=10420, stack(0x00000090b7000000,0x00000090b7100000)]
  0x0000021649247800 JavaThread "Daemon health stats" [_thread_blocked, id=1724, stack(0x00000090b7300000,0x00000090b7400000)]
  0x0000021647318000 JavaThread "Incoming local TCP Connector on port 58285" [_thread_in_native, id=21380, stack(0x00000090b7200000,0x00000090b7300000)]
  0x0000021649ebe000 JavaThread "Daemon periodic checks" [_thread_blocked, id=6864, stack(0x00000090b7500000,0x00000090b7600000)]
  0x000002164a414000 JavaThread "Cache worker for journal cache (C:\Users\jstei\.gradle\caches\journal-1)" [_thread_blocked, id=22896, stack(0x00000090b8400000,0x00000090b8500000)]
  0x000002164a416800 JavaThread "File lock request listener" [_thread_in_native, id=3108, stack(0x00000090b8500000,0x00000090b8600000)]
  0x000002164a417800 JavaThread "Cache worker for file hash cache (C:\Users\jstei\.gradle\caches\7.4\fileHashes)" [_thread_blocked, id=14964, stack(0x00000090b8600000,0x00000090b8700000)]
  0x000002164a413800 JavaThread "File watcher server" daemon [_thread_blocked, id=6944, stack(0x00000090b8800000,0x00000090b8900000)]
  0x000002164a415000 JavaThread "File watcher consumer" daemon [_thread_blocked, id=21976, stack(0x00000090b8900000,0x00000090b8a00000)]
  0x0000021649505800 JavaThread "Cache worker for execution history cache (C:\Users\jstei\.gradle\caches\7.4\executionHistory)" [_thread_blocked, id=3568, stack(0x00000090b8e00000,0x00000090b8f00000)]
  0x0000021649504000 JavaThread "jar transforms" [_thread_blocked, id=6340, stack(0x00000090b9000000,0x00000090b9100000)]
  0x0000021649506800 JavaThread "Cache worker for file content cache (C:\Users\jstei\.gradle\caches\7.4\fileContent)" [_thread_blocked, id=2092, stack(0x00000090b9100000,0x00000090b9200000)]
  0x0000021649507000 JavaThread "jar transforms Thread 2" [_thread_blocked, id=992, stack(0x00000090b9200000,0x00000090b9300000)]
  0x0000021649508000 JavaThread "jar transforms Thread 3" [_thread_blocked, id=11648, stack(0x00000090b9400000,0x00000090b9500000)]
  0x000002164c021000 JavaThread "jar transforms Thread 4" [_thread_blocked, id=18076, stack(0x00000090be600000,0x00000090be700000)]
  0x000002164c01c000 JavaThread "jar transforms Thread 5" [_thread_blocked, id=3256, stack(0x00000090be700000,0x00000090be800000)]
  0x000002164c01f800 JavaThread "jar transforms Thread 6" [_thread_blocked, id=12484, stack(0x00000090be800000,0x00000090be900000)]
  0x000002164c01d000 JavaThread "jar transforms Thread 7" [_thread_blocked, id=4792, stack(0x00000090be900000,0x00000090bea00000)]
  0x000002164c01e000 JavaThread "jar transforms Thread 8" [_thread_blocked, id=12508, stack(0x00000090bea00000,0x00000090beb00000)]
  0x000002164c020000 JavaThread "Memory manager" [_thread_blocked, id=10724, stack(0x00000090b8f00000,0x00000090b9000000)]
  0x000002164f074800 JavaThread "pool-3-thread-1" [_thread_blocked, id=12284, stack(0x00000090bec00000,0x00000090bed00000)]
  0x000002164f07c800 JavaThread "Cache worker for Java compile cache (C:\Users\jstei\.gradle\caches\7.4\javaCompile)" [_thread_blocked, id=21040, stack(0x00000090bf700000,0x00000090bf800000)]
  0x0000021654fe0000 JavaThread "pool-7-thread-1" [_thread_blocked, id=11372, stack(0x00000090be500000,0x00000090be600000)]
  0x0000021659ca3800 JavaThread "pool-11-thread-1" [_thread_blocked, id=10988, stack(0x00000090beb00000,0x00000090bec00000)]
  0x0000021647381000 JavaThread "pool-15-thread-1" [_thread_blocked, id=22564, stack(0x00000090bed00000,0x00000090bee00000)]
  0x000002164950d800 JavaThread "pool-19-thread-1" [_thread_blocked, id=8984, stack(0x00000090bee00000,0x00000090bef00000)]
  0x000002164f073800 JavaThread "pool-22-thread-1" [_thread_blocked, id=7980, stack(0x00000090bef00000,0x00000090bf000000)]
  0x0000021647380800 JavaThread "pool-26-thread-1" [_thread_blocked, id=20404, stack(0x00000090bf000000,0x00000090bf100000)]
  0x000002164737e000 JavaThread "pool-30-thread-1" [_thread_blocked, id=17064, stack(0x00000090bf100000,0x00000090bf200000)]
  0x000002164737a000 JavaThread "pool-34-thread-1" [_thread_blocked, id=14492, stack(0x00000090bf200000,0x00000090bf300000)]
  0x000002164f078800 JavaThread "pool-38-thread-1" [_thread_blocked, id=1420, stack(0x00000090bf300000,0x00000090bf400000)]
  0x000002164737a800 JavaThread "pool-42-thread-1" [_thread_blocked, id=16396, stack(0x00000090bf400000,0x00000090bf500000)]
  0x0000021647376800 JavaThread "pool-46-thread-1" [_thread_blocked, id=18712, stack(0x00000090bf500000,0x00000090bf600000)]
  0x00000216473b0800 JavaThread "pool-50-thread-1" [_thread_blocked, id=22448, stack(0x00000090bf600000,0x00000090bf700000)]
  0x000002164f07f000 JavaThread "ForkJoinPool.commonPool-worker-1" daemon [_thread_blocked, id=10812, stack(0x00000090c1900000,0x00000090c1a00000)]
  0x000002164e2bc000 JavaThread "pool-54-thread-1" [_thread_blocked, id=15456, stack(0x00000090bf800000,0x00000090bf900000)]
  0x0000021659c9c000 JavaThread "Daemon Thread 14" [_thread_blocked, id=12760, stack(0x00000090b5e00000,0x00000090b5f00000)]
  0x0000021659c9d800 JavaThread "Handler for socket connection from /127.0.0.1:58285 to /127.0.0.1:59117" [_thread_in_native, id=11616, stack(0x00000090b5f00000,0x00000090b6000000)]
  0x0000021659c9d000 JavaThread "Cancel handler" [_thread_blocked, id=12776, stack(0x00000090b6000000,0x00000090b6100000)]
  0x0000021659c99800 JavaThread "Daemon worker Thread 14" [_thread_blocked, id=18964, stack(0x00000090b7600000,0x00000090b7700000)]
  0x0000021659c9e800 JavaThread "Asynchronous log dispatcher for DefaultDaemonConnection: socket connection from /127.0.0.1:58285 to /127.0.0.1:59117" [_thread_blocked, id=18708, stack(0x00000090b7700000,0x00000090b7800000)]
  0x0000021659c98800 JavaThread "Stdin handler" [_thread_blocked, id=1424, stack(0x00000090b7800000,0x00000090b7900000)]
  0x0000021659ca0000 JavaThread "Daemon client event forwarder" [_thread_blocked, id=10920, stack(0x00000090b7900000,0x00000090b7a00000)]
  0x0000021659c9b000 JavaThread "Cache worker for checksums cache (C:\Users\jstei\OneDrive\Dokumente\Programmmmm\AnDroid\2dPlatformer\.gradle\7.4\checksums)" [_thread_blocked, id=23540, stack(0x00000090b7a00000,0x00000090b7b00000)]
  0x0000021659c9f000 JavaThread "Cache worker for cache directory md-rule (C:\Users\jstei\.gradle\caches\7.4\md-rule)" [_thread_blocked, id=23396, stack(0x00000090b7b00000,0x00000090b7c00000)]
  0x0000021659c9a800 JavaThread "Cache worker for file hash cache (C:\Users\jstei\OneDrive\Dokumente\Programmmmm\AnDroid\2dPlatformer\.gradle\7.4\fileHashes)" [_thread_blocked, id=12740, stack(0x00000090b7c00000,0x00000090b7d00000)]
  0x0000021659ca1000 JavaThread "Cache worker for cache directory md-supplier (C:\Users\jstei\.gradle\caches\7.4\md-supplier)" [_thread_blocked, id=22944, stack(0x00000090b7d00000,0x00000090b7e00000)]
  0x0000021659ca5000 JavaThread "Cache worker for dependencies-accessors (C:\Users\jstei\OneDrive\Dokumente\Programmmmm\AnDroid\2dPlatformer\.gradle\7.4\dependencies-accessors)" [_thread_blocked, id=17772, stack(0x00000090b8a00000,0x00000090b8b00000)]
  0x0000021659ca7800 JavaThread "Cache worker for Build Output Cleanup Cache (C:\Users\jstei\OneDrive\Dokumente\Programmmmm\AnDroid\2dPlatformer\.gradle\buildOutputCleanup)" [_thread_blocked, id=11212, stack(0x00000090b8b00000,0x00000090b8c00000)]
  0x0000021659ca2800 JavaThread "Unconstrained build operations" [_thread_blocked, id=20872, stack(0x00000090b8c00000,0x00000090b8d00000)]
  0x0000021659ca1800 JavaThread "Unconstrained build operations Thread 2" [_thread_blocked, id=9840, stack(0x00000090b8d00000,0x00000090b8e00000)]
  0x0000021659ca6000 JavaThread "Unconstrained build operations Thread 3" [_thread_blocked, id=14484, stack(0x00000090b9500000,0x00000090b9600000)]
  0x0000021659ca4000 JavaThread "Unconstrained build operations Thread 4" [_thread_blocked, id=15436, stack(0x00000090b9600000,0x00000090b9700000)]
  0x0000021659ca6800 JavaThread "Unconstrained build operations Thread 5" [_thread_blocked, id=14992, stack(0x00000090b9700000,0x00000090b9800000)]
  0x0000021654fd5800 JavaThread "Unconstrained build operations Thread 6" [_thread_blocked, id=18288, stack(0x00000090b9800000,0x00000090b9900000)]
  0x0000021654fd9800 JavaThread "Unconstrained build operations Thread 7" [_thread_blocked, id=12304, stack(0x00000090b9900000,0x00000090b9a00000)]
  0x0000021654fd4000 JavaThread "Unconstrained build operations Thread 8" [_thread_blocked, id=20668, stack(0x00000090b9a00000,0x00000090b9b00000)]
  0x0000021654fd6800 JavaThread "Unconstrained build operations Thread 9" [_thread_blocked, id=10576, stack(0x00000090b9b00000,0x00000090b9c00000)]
  0x0000021654fd7000 JavaThread "Unconstrained build operations Thread 10" [_thread_blocked, id=19740, stack(0x00000090b9c00000,0x00000090b9d00000)]
  0x0000021654fda800 JavaThread "Unconstrained build operations Thread 11" [_thread_blocked, id=14080, stack(0x00000090b9d00000,0x00000090b9e00000)]
  0x0000021654fd8000 JavaThread "Unconstrained build operations Thread 12" [_thread_blocked, id=17252, stack(0x00000090b9e00000,0x00000090b9f00000)]
  0x0000021654fd5000 JavaThread "Unconstrained build operations Thread 13" [_thread_blocked, id=13448, stack(0x00000090b9f00000,0x00000090ba000000)]
  0x0000021654fde800 JavaThread "Unconstrained build operations Thread 14" [_thread_blocked, id=14004, stack(0x00000090ba000000,0x00000090ba100000)]
  0x0000021654fdd000 JavaThread "Unconstrained build operations Thread 15" [_thread_blocked, id=21368, stack(0x00000090ba100000,0x00000090ba200000)]
  0x0000021654fd9000 JavaThread "Unconstrained build operations Thread 16" [_thread_blocked, id=11740, stack(0x00000090ba200000,0x00000090ba300000)]
  0x0000021654fe1000 JavaThread "Unconstrained build operations Thread 17" [_thread_blocked, id=20176, stack(0x00000090ba300000,0x00000090ba400000)]
  0x0000021654fdc000 JavaThread "Unconstrained build operations Thread 18" [_thread_blocked, id=22608, stack(0x00000090ba400000,0x00000090ba500000)]
  0x0000021654fdf800 JavaThread "Unconstrained build operations Thread 19" [_thread_blocked, id=20712, stack(0x00000090ba500000,0x00000090ba600000)]
  0x0000021654fdb800 JavaThread "Unconstrained build operations Thread 20" [_thread_blocked, id=10244, stack(0x00000090ba600000,0x00000090ba700000)]
  0x0000021654fdd800 JavaThread "Unconstrained build operations Thread 21" [_thread_blocked, id=12580, stack(0x00000090ba700000,0x00000090ba800000)]
  0x0000021654fe2000 JavaThread "Unconstrained build operations Thread 22" [_thread_blocked, id=1912, stack(0x00000090ba800000,0x00000090ba900000)]
  0x0000021654fe2800 JavaThread "Unconstrained build operations Thread 23" [_thread_blocked, id=22700, stack(0x00000090ba900000,0x00000090baa00000)]
  0x000002164e2b4000 JavaThread "Unconstrained build operations Thread 24" [_thread_blocked, id=18228, stack(0x00000090baa00000,0x00000090bab00000)]
  0x000002164e2af000 JavaThread "Unconstrained build operations Thread 25" [_thread_blocked, id=18480, stack(0x00000090bab00000,0x00000090bac00000)]
  0x000002164e2b5000 JavaThread "Unconstrained build operations Thread 26" [_thread_blocked, id=18232, stack(0x00000090bac00000,0x00000090bad00000)]
  0x000002164e2b0000 JavaThread "Unconstrained build operations Thread 27" [_thread_blocked, id=14156, stack(0x00000090bad00000,0x00000090bae00000)]
  0x000002164e2b1800 JavaThread "Unconstrained build operations Thread 28" [_thread_blocked, id=11008, stack(0x00000090bae00000,0x00000090baf00000)]
  0x000002164e2b5800 JavaThread "Unconstrained build operations Thread 29" [_thread_blocked, id=23204, stack(0x00000090baf00000,0x00000090bb000000)]
  0x000002164e2b2800 JavaThread "Unconstrained build operations Thread 30" [_thread_blocked, id=4020, stack(0x00000090bb000000,0x00000090bb100000)]
  0x000002164e2b1000 JavaThread "Unconstrained build operations Thread 31" [_thread_blocked, id=12336, stack(0x00000090bb100000,0x00000090bb200000)]
  0x000002164e2b7800 JavaThread "Unconstrained build operations Thread 32" [_thread_blocked, id=16844, stack(0x00000090bb200000,0x00000090bb300000)]
  0x000002164e2b8000 JavaThread "Unconstrained build operations Thread 33" [_thread_blocked, id=20576, stack(0x00000090bb300000,0x00000090bb400000)]
  0x000002164e2b9000 JavaThread "Unconstrained build operations Thread 34" [_thread_blocked, id=6156, stack(0x00000090bb400000,0x00000090bb500000)]
  0x000002164e2b3000 JavaThread "Unconstrained build operations Thread 35" [_thread_blocked, id=13616, stack(0x00000090bb500000,0x00000090bb600000)]
  0x000002164e2ba000 JavaThread "Unconstrained build operations Thread 36" [_thread_blocked, id=11608, stack(0x00000090bb600000,0x00000090bb700000)]
  0x000002164e2ba800 JavaThread "Unconstrained build operations Thread 37" [_thread_blocked, id=18360, stack(0x00000090bb700000,0x00000090bb800000)]
  0x000002164e2bd000 JavaThread "Unconstrained build operations Thread 38" [_thread_blocked, id=13168, stack(0x00000090bb800000,0x00000090bb900000)]
  0x000002164e2bb800 JavaThread "Unconstrained build operations Thread 39" [_thread_blocked, id=15988, stack(0x00000090bb900000,0x00000090bba00000)]
  0x000002164e2be000 JavaThread "Unconstrained build operations Thread 40" [_thread_blocked, id=11672, stack(0x00000090bba00000,0x00000090bbb00000)]
  0x00000216473ae000 JavaThread "Unconstrained build operations Thread 41" [_thread_blocked, id=22216, stack(0x00000090bbb00000,0x00000090bbc00000)]
  0x00000216473b1800 JavaThread "Unconstrained build operations Thread 42" [_thread_blocked, id=7140, stack(0x00000090bbc00000,0x00000090bbd00000)]
  0x00000216473b2000 JavaThread "Unconstrained build operations Thread 43" [_thread_blocked, id=18680, stack(0x00000090bbd00000,0x00000090bbe00000)]
  0x00000216473ac800 JavaThread "Unconstrained build operations Thread 44" [_thread_blocked, id=22844, stack(0x00000090bbe00000,0x00000090bbf00000)]
  0x00000216473b3000 JavaThread "Unconstrained build operations Thread 45" [_thread_blocked, id=11776, stack(0x00000090bbf00000,0x00000090bc000000)]
  0x00000216473ad800 JavaThread "Unconstrained build operations Thread 46" [_thread_blocked, id=11536, stack(0x00000090bc000000,0x00000090bc100000)]
  0x00000216473b4000 JavaThread "Unconstrained build operations Thread 47" [_thread_blocked, id=17300, stack(0x00000090bc100000,0x00000090bc200000)]
  0x00000216473b4800 JavaThread "Unconstrained build operations Thread 48" [_thread_blocked, id=5988, stack(0x00000090bc200000,0x00000090bc300000)]
  0x00000216473af000 JavaThread "Unconstrained build operations Thread 49" [_thread_blocked, id=14048, stack(0x00000090bc300000,0x00000090bc400000)]
  0x00000216473b5800 JavaThread "Unconstrained build operations Thread 50" [_thread_blocked, id=16152, stack(0x00000090bc400000,0x00000090bc500000)]
  0x00000216473b0000 JavaThread "Unconstrained build operations Thread 51" [_thread_blocked, id=13948, stack(0x00000090bc500000,0x00000090bc600000)]
  0x00000216473bb000 JavaThread "Unconstrained build operations Thread 52" [_thread_blocked, id=17460, stack(0x00000090bc600000,0x00000090bc700000)]
  0x00000216473b9000 JavaThread "Unconstrained build operations Thread 53" [_thread_blocked, id=14008, stack(0x00000090bc700000,0x00000090bc800000)]
  0x00000216473b7000 JavaThread "Unconstrained build operations Thread 54" [_thread_blocked, id=17992, stack(0x00000090bc800000,0x00000090bc900000)]
  0x00000216473b9800 JavaThread "Unconstrained build operations Thread 55" [_thread_blocked, id=8608, stack(0x00000090bc900000,0x00000090bca00000)]
  0x00000216473ba800 JavaThread "Unconstrained build operations Thread 56" [_thread_blocked, id=4244, stack(0x00000090bca00000,0x00000090bcb00000)]
  0x000002164f072800 JavaThread "Unconstrained build operations Thread 57" [_thread_blocked, id=13028, stack(0x00000090bcb00000,0x00000090bcc00000)]
  0x000002164f075000 JavaThread "Unconstrained build operations Thread 58" [_thread_blocked, id=12852, stack(0x00000090bcc00000,0x00000090bcd00000)]
  0x000002164f076000 JavaThread "Unconstrained build operations Thread 59" [_thread_blocked, id=3452, stack(0x00000090bcd00000,0x00000090bce00000)]
  0x000002164f070800 JavaThread "Unconstrained build operations Thread 60" [_thread_blocked, id=3268, stack(0x00000090bce00000,0x00000090bcf00000)]
  0x000002164f077000 JavaThread "Unconstrained build operations Thread 61" [_thread_blocked, id=14716, stack(0x00000090bcf00000,0x00000090bd000000)]
  0x000002164f071000 JavaThread "Unconstrained build operations Thread 62" [_thread_blocked, id=12988, stack(0x00000090bd000000,0x00000090bd100000)]
  0x000002164f077800 JavaThread "Unconstrained build operations Thread 63" [_thread_blocked, id=3492, stack(0x00000090bd100000,0x00000090bd200000)]
  0x000002164f072000 JavaThread "Unconstrained build operations Thread 64" [_thread_blocked, id=22056, stack(0x00000090bd200000,0x00000090bd300000)]
  0x000002164f079800 JavaThread "Unconstrained build operations Thread 65" [_thread_blocked, id=5476, stack(0x00000090bd300000,0x00000090bd400000)]
  0x000002164f07a000 JavaThread "Unconstrained build operations Thread 66" [_thread_blocked, id=17900, stack(0x00000090bd400000,0x00000090bd500000)]
  0x000002164f07b000 JavaThread "Unconstrained build operations Thread 67" [_thread_blocked, id=13704, stack(0x00000090bd500000,0x00000090bd600000)]
  0x000002164f07d800 JavaThread "Unconstrained build operations Thread 68" [_thread_blocked, id=22060, stack(0x00000090bd600000,0x00000090bd700000)]
  0x000002164f07b800 JavaThread "Unconstrained build operations Thread 69" [_thread_blocked, id=17744, stack(0x00000090bd700000,0x00000090bd800000)]
  0x000002164f07e000 JavaThread "Unconstrained build operations Thread 70" [_thread_blocked, id=10328, stack(0x00000090bd800000,0x00000090bd900000)]
  0x0000021649504800 JavaThread "Unconstrained build operations Thread 71" [_thread_blocked, id=16980, stack(0x00000090bd900000,0x00000090bda00000)]
  0x0000021649502000 JavaThread "Unconstrained build operations Thread 72" [_thread_blocked, id=13360, stack(0x00000090bda00000,0x00000090bdb00000)]
  0x0000021649508800 JavaThread "Unconstrained build operations Thread 73" [_thread_blocked, id=22600, stack(0x00000090bdb00000,0x00000090bdc00000)]
  0x0000021649503000 JavaThread "Unconstrained build operations Thread 74" [_thread_blocked, id=20424, stack(0x00000090bdc00000,0x00000090bdd00000)]
  0x000002164950f000 JavaThread "Unconstrained build operations Thread 75" [_thread_blocked, id=1248, stack(0x00000090bdd00000,0x00000090bde00000)]
  0x0000021649509800 JavaThread "Unconstrained build operations Thread 76" [_thread_blocked, id=23360, stack(0x00000090bde00000,0x00000090bdf00000)]
  0x000002164950c000 JavaThread "Unconstrained build operations Thread 77" [_thread_blocked, id=20640, stack(0x00000090bdf00000,0x00000090be000000)]
  0x000002164950e800 JavaThread "Unconstrained build operations Thread 78" [_thread_blocked, id=17540, stack(0x00000090be000000,0x00000090be100000)]
  0x0000021649510000 JavaThread "Unconstrained build operations Thread 79" [_thread_blocked, id=22592, stack(0x00000090be100000,0x00000090be200000)]
  0x000002164950a800 JavaThread "Unconstrained build operations Thread 80" [_thread_blocked, id=7176, stack(0x00000090be200000,0x00000090be300000)]
  0x000002164950d000 JavaThread "build event listener" [_thread_blocked, id=15100, stack(0x00000090b9300000,0x00000090b9400000)]
  0x000002164950b000 JavaThread "pool-58-thread-1" [_thread_blocked, id=12472, stack(0x00000090be300000,0x00000090be400000)]
  0x0000021647376000 JavaThread "build event listener" [_thread_blocked, id=3708, stack(0x00000090be400000,0x00000090be500000)]
  0x0000021647377800 JavaThread "included builds" [_thread_blocked, id=14712, stack(0x00000090bf900000,0x00000090bfa00000)]
  0x0000021647378800 JavaThread "Execution worker for ':'" [_thread_blocked, id=13000, stack(0x00000090bfa00000,0x00000090bfb00000)]
  0x0000021647379000 JavaThread "Execution worker for ':' Thread 2" [_thread_blocked, id=22256, stack(0x00000090bfb00000,0x00000090bfc00000)]
  0x0000021647375000 JavaThread "Execution worker for ':' Thread 3" [_thread_blocked, id=6536, stack(0x00000090bfc00000,0x00000090bfd00000)]
  0x000002164737b800 JavaThread "Execution worker for ':' Thread 4" [_thread_blocked, id=2380, stack(0x00000090bfd00000,0x00000090bfe00000)]
  0x000002164737f000 JavaThread "Execution worker for ':' Thread 5" [_thread_blocked, id=21996, stack(0x00000090bfe00000,0x00000090bff00000)]
  0x000002164737f800 JavaThread "Execution worker for ':' Thread 6" [_thread_blocked, id=1260, stack(0x00000090bff00000,0x00000090c0000000)]
  0x0000021647382000 JavaThread "Execution worker for ':' Thread 7" [_thread_blocked, id=20772, stack(0x00000090c0000000,0x00000090c0100000)]
  0x000002164737c800 JavaThread "Cache worker for execution history cache (C:\Users\jstei\OneDrive\Dokumente\Programmmmm\AnDroid\2dPlatformer\.gradle\7.4\executionHistory)" [_thread_blocked, id=8020, stack(0x00000090c0100000,0x00000090c0200000)]
  0x0000021647383000 JavaThread "Build operations" [_thread_blocked, id=22736, stack(0x00000090c0300000,0x00000090c0400000)]
  0x000002164737d000 JavaThread "Build operations Thread 2" [_thread_blocked, id=22400, stack(0x00000090c0400000,0x00000090c0500000)]
  0x000002164c016800 JavaThread "Build operations Thread 3" [_thread_blocked, id=21108, stack(0x00000090c0500000,0x00000090c0600000)]
  0x000002164c017000 JavaThread "Build operations Thread 4" [_thread_blocked, id=20832, stack(0x00000090c0600000,0x00000090c0700000)]
  0x000002164c014000 JavaThread "Build operations Thread 5" [_thread_blocked, id=20608, stack(0x00000090c0700000,0x00000090c0800000)]
  0x000002164c015800 JavaThread "Build operations Thread 6" [_thread_blocked, id=19340, stack(0x00000090c0800000,0x00000090c0900000)]
  0x000002164c015000 JavaThread "Build operations Thread 7" [_thread_blocked, id=6664, stack(0x00000090c0900000,0x00000090c0a00000)]
  0x000002164c018000 JavaThread "Build operations Thread 8" [_thread_blocked, id=21328, stack(0x00000090c0a00000,0x00000090c0b00000)]

Other Threads:
  0x0000021646440000 VMThread "VM Thread" [stack: 0x00000090b6700000,0x00000090b6800000] [id=22892]
  0x0000021646f69000 WatcherThread [stack: 0x00000090b7100000,0x00000090b7200000] [id=22160]
  0x000002162b895800 GCTaskThread "GC Thread#0" [stack: 0x00000090b6200000,0x00000090b6300000] [id=10820]
  0x0000021647d3c800 GCTaskThread "GC Thread#1" [stack: 0x00000090b7400000,0x00000090b7500000] [id=16724]
=>0x0000021648fe7800 GCTaskThread "GC Thread#2" [stack: 0x00000090b7e00000,0x00000090b7f00000] [id=22000]
  0x0000021647e1c800 GCTaskThread "GC Thread#3" [stack: 0x00000090b7f00000,0x00000090b8000000] [id=2504]
  0x0000021647e1d000 GCTaskThread "GC Thread#4" [stack: 0x00000090b8000000,0x00000090b8100000] [id=12096]
  0x0000021648903800 GCTaskThread "GC Thread#5" [stack: 0x00000090b8100000,0x00000090b8200000] [id=14372]
  0x0000021648904800 GCTaskThread "GC Thread#6" [stack: 0x00000090b8200000,0x00000090b8300000] [id=1596]
  0x00000216486f5000 GCTaskThread "GC Thread#7" [stack: 0x00000090b8300000,0x00000090b8400000] [id=3904]
  0x000002162b8c8000 ConcurrentGCThread "G1 Main Marker" [stack: 0x00000090b6300000,0x00000090b6400000] [id=13624]
  0x000002162b8ca000 ConcurrentGCThread "G1 Conc#0" [stack: 0x00000090b6400000,0x00000090b6500000] [id=20108]
  0x0000021648dcd000 ConcurrentGCThread "G1 Conc#1" [stack: 0x00000090b8700000,0x00000090b8800000] [id=3048]
  0x000002162b95b000 ConcurrentGCThread "G1 Refine#0" [stack: 0x00000090b6500000,0x00000090b6600000] [id=20920]
  0x000002162b95e800 ConcurrentGCThread "G1 Young RemSet Sampling" [stack: 0x00000090b6600000,0x00000090b6700000] [id=22980]

Threads with active compile tasks:

VM state:at safepoint (normal execution)

VM Mutex/Monitor currently owned by a thread:  ([mutex/lock_event])
[0x000002162b876d40] Threads_lock - owner thread: 0x0000021646440000
[0x000002162b8788d0] Heap_lock - owner thread: 0x000002162b8c8000

Heap address: 0x0000000080000000, size: 2048 MB, Compressed Oops mode: 32-bit
Narrow klass base: 0x0000000000000000, Narrow klass shift: 3
Compressed class space size: 1073741824 Address: 0x0000000100000000

Heap:
 garbage-first heap   total 181248K, used 102472K [0x0000000080000000, 0x0000000100000000)
  region size 1024K, 9 young (9216K), 7 survivors (7168K)
 Metaspace       used 129105K, capacity 133020K, committed 133792K, reserved 1165312K
  class space    used 15588K, capacity 17103K, committed 17280K, reserved 1048576K
Heap Regions: E=young(eden), S=young(survivor), O=old, HS=humongous(starts), HC=humongous(continues), CS=collection set, F=free, A=archive, TAMS=top-at-mark-start (previous, next)
|   0|0x0000000080000000, 0x0000000080100000, 0x0000000080100000|100%| O|  |TAMS 0x0000000080100000, 0x0000000080100000| Untracked 
|   1|0x0000000080100000, 0x0000000080200000, 0x0000000080200000|100%| O|  |TAMS 0x0000000080200000, 0x0000000080200000| Untracked 
|   2|0x0000000080200000, 0x0000000080300000, 0x0000000080300000|100%| O|  |TAMS 0x0000000080300000, 0x0000000080300000| Untracked 
|   3|0x0000000080300000, 0x0000000080400000, 0x0000000080400000|100%|HS|  |TAMS 0x0000000080400000, 0x0000000080400000| Complete 
|   4|0x0000000080400000, 0x0000000080500000, 0x0000000080500000|100%|HC|  |TAMS 0x0000000080500000, 0x0000000080500000| Complete 
|   5|0x0000000080500000, 0x0000000080600000, 0x0000000080600000|100%|HC|  |TAMS 0x0000000080600000, 0x0000000080600000| Complete 
|   6|0x0000000080600000, 0x0000000080700000, 0x0000000080700000|100%| O|  |TAMS 0x0000000080700000, 0x0000000080700000| Untracked 
|   7|0x0000000080700000, 0x0000000080800000, 0x0000000080800000|100%| O|  |TAMS 0x0000000080800000, 0x0000000080800000| Untracked 
|   8|0x0000000080800000, 0x0000000080900000, 0x0000000080900000|100%| O|  |TAMS 0x0000000080900000, 0x0000000080900000| Untracked 
|   9|0x0000000080900000, 0x0000000080a00000, 0x0000000080a00000|100%| O|  |TAMS 0x0000000080a00000, 0x0000000080a00000| Untracked 
|  10|0x0000000080a00000, 0x0000000080b00000, 0x0000000080b00000|100%| O|  |TAMS 0x0000000080b00000, 0x0000000080b00000| Untracked 
|  11|0x0000000080b00000, 0x0000000080c00000, 0x0000000080c00000|100%| O|  |TAMS 0x0000000080c00000, 0x0000000080c00000| Untracked 
|  12|0x0000000080c00000, 0x0000000080d00000, 0x0000000080d00000|100%| O|  |TAMS 0x0000000080d00000, 0x0000000080d00000| Untracked 
|  13|0x0000000080d00000, 0x0000000080e00000, 0x0000000080e00000|100%| O|  |TAMS 0x0000000080e00000, 0x0000000080e00000| Untracked 
|  14|0x0000000080e00000, 0x0000000080f00000, 0x0000000080f00000|100%| O|  |TAMS 0x0000000080f00000, 0x0000000080f00000| Untracked 
|  15|0x0000000080f00000, 0x0000000081000000, 0x0000000081000000|100%| O|  |TAMS 0x0000000081000000, 0x0000000081000000| Untracked 
|  16|0x0000000081000000, 0x0000000081100000, 0x0000000081100000|100%| O|  |TAMS 0x0000000081100000, 0x0000000081100000| Untracked 
|  17|0x0000000081100000, 0x0000000081200000, 0x0000000081200000|100%| O|  |TAMS 0x0000000081200000, 0x0000000081200000| Untracked 
|  18|0x0000000081200000, 0x0000000081300000, 0x0000000081300000|100%| O|  |TAMS 0x0000000081200000, 0x0000000081300000| Untracked 
|  19|0x0000000081300000, 0x0000000081400000, 0x0000000081400000|100%|HS|  |TAMS 0x0000000081400000, 0x0000000081400000| Complete 
|  20|0x0000000081400000, 0x0000000081500000, 0x0000000081500000|100%| O|  |TAMS 0x0000000081500000, 0x0000000081500000| Untracked 
|  21|0x0000000081500000, 0x0000000081600000, 0x0000000081600000|100%| O|  |TAMS 0x0000000081600000, 0x0000000081600000| Untracked 
|  22|0x0000000081600000, 0x0000000081700000, 0x0000000081700000|100%| O|  |TAMS 0x0000000081700000, 0x0000000081700000| Untracked 
|  23|0x0000000081700000, 0x0000000081800000, 0x0000000081800000|100%| O|  |TAMS 0x0000000081800000, 0x0000000081800000| Untracked 
|  24|0x0000000081800000, 0x0000000081900000, 0x0000000081900000|100%|HS|  |TAMS 0x0000000081900000, 0x0000000081900000| Complete 
|  25|0x0000000081900000, 0x0000000081a00000, 0x0000000081a00000|100%| O|  |TAMS 0x0000000081a00000, 0x0000000081a00000| Untracked 
|  26|0x0000000081a00000, 0x0000000081b00000, 0x0000000081b00000|100%| O|  |TAMS 0x0000000081b00000, 0x0000000081b00000| Untracked 
|  27|0x0000000081b00000, 0x0000000081c00000, 0x0000000081c00000|100%| O|  |TAMS 0x0000000081c00000, 0x0000000081c00000| Untracked 
|  28|0x0000000081c00000, 0x0000000081d00000, 0x0000000081d00000|100%| O|  |TAMS 0x0000000081c00000, 0x0000000081d00000| Untracked 
|  29|0x0000000081d00000, 0x0000000081e00000, 0x0000000081e00000|100%| O|  |TAMS 0x0000000081e00000, 0x0000000081e00000| Untracked 
|  30|0x0000000081e00000, 0x0000000081f00000, 0x0000000081f00000|100%|HS|  |TAMS 0x0000000081f00000, 0x0000000081f00000| Complete 
|  31|0x0000000081f00000, 0x0000000082000000, 0x0000000082000000|100%|HC|  |TAMS 0x0000000082000000, 0x0000000082000000| Complete 
|  32|0x0000000082000000, 0x0000000082100000, 0x0000000082100000|100%| O|  |TAMS 0x0000000082000000, 0x0000000082100000| Untracked 
|  33|0x0000000082100000, 0x0000000082100000, 0x0000000082200000|  0%| F|  |TAMS 0x0000000082100000, 0x0000000082100000| Untracked 
|  34|0x0000000082200000, 0x0000000082300000, 0x0000000082300000|100%| O|  |TAMS 0x0000000082300000, 0x0000000082300000| Untracked 
|  35|0x0000000082300000, 0x0000000082400000, 0x0000000082400000|100%| O|  |TAMS 0x0000000082400000, 0x0000000082400000| Untracked 
|  36|0x0000000082400000, 0x0000000082500000, 0x0000000082500000|100%| O|  |TAMS 0x0000000082500000, 0x0000000082500000| Untracked 
|  37|0x0000000082500000, 0x0000000082600000, 0x0000000082600000|100%| O|  |TAMS 0x0000000082600000, 0x0000000082600000| Untracked 
|  38|0x0000000082600000, 0x0000000082700000, 0x0000000082700000|100%| O|  |TAMS 0x0000000082700000, 0x0000000082700000| Untracked 
|  39|0x0000000082700000, 0x0000000082800000, 0x0000000082800000|100%| O|  |TAMS 0x0000000082800000, 0x0000000082800000| Untracked 
|  40|0x0000000082800000, 0x0000000082900000, 0x0000000082900000|100%| O|  |TAMS 0x0000000082900000, 0x0000000082900000| Untracked 
|  41|0x0000000082900000, 0x0000000082a00000, 0x0000000082a00000|100%| O|  |TAMS 0x0000000082a00000, 0x0000000082a00000| Untracked 
|  42|0x0000000082a00000, 0x0000000082b00000, 0x0000000082b00000|100%| O|  |TAMS 0x0000000082b00000, 0x0000000082b00000| Untracked 
|  43|0x0000000082b00000, 0x0000000082c00000, 0x0000000082c00000|100%| O|  |TAMS 0x0000000082b00000, 0x0000000082c00000| Untracked 
|  44|0x0000000082c00000, 0x0000000082c00000, 0x0000000082d00000|  0%| F|  |TAMS 0x0000000082c00000, 0x0000000082c00000| Untracked 
|  45|0x0000000082d00000, 0x0000000082e00000, 0x0000000082e00000|100%| O|  |TAMS 0x0000000082e00000, 0x0000000082e00000| Untracked 
|  46|0x0000000082e00000, 0x0000000082f00000, 0x0000000082f00000|100%| O|  |TAMS 0x0000000082f00000, 0x0000000082f00000| Untracked 
|  47|0x0000000082f00000, 0x0000000083000000, 0x0000000083000000|100%| O|  |TAMS 0x0000000083000000, 0x0000000083000000| Untracked 
|  48|0x0000000083000000, 0x0000000083100000, 0x0000000083100000|100%| O|  |TAMS 0x0000000083100000, 0x0000000083100000| Untracked 
|  49|0x0000000083100000, 0x0000000083200000, 0x0000000083200000|100%| O|  |TAMS 0x0000000083200000, 0x0000000083200000| Untracked 
|  50|0x0000000083200000, 0x0000000083300000, 0x0000000083300000|100%| O|  |TAMS 0x0000000083300000, 0x0000000083300000| Untracked 
|  51|0x0000000083300000, 0x0000000083400000, 0x0000000083400000|100%| O|  |TAMS 0x0000000083400000, 0x0000000083400000| Untracked 
|  52|0x0000000083400000, 0x0000000083500000, 0x0000000083500000|100%| O|  |TAMS 0x0000000083500000, 0x0000000083500000| Untracked 
|  53|0x0000000083500000, 0x0000000083600000, 0x0000000083600000|100%| O|  |TAMS 0x0000000083600000, 0x0000000083600000| Untracked 
|  54|0x0000000083600000, 0x00000000836ec000, 0x0000000083700000| 92%| O|  |TAMS 0x0000000083600000, 0x00000000836ec000| Untracked 
|  55|0x0000000083700000, 0x0000000083800000, 0x0000000083800000|100%| O|  |TAMS 0x0000000083800000, 0x0000000083800000| Untracked 
|  56|0x0000000083800000, 0x0000000083900000, 0x0000000083900000|100%| O|  |TAMS 0x0000000083900000, 0x0000000083900000| Untracked 
|  57|0x0000000083900000, 0x0000000083900000, 0x0000000083a00000|  0%| F|  |TAMS 0x0000000083900000, 0x0000000083900000| Untracked 
|  58|0x0000000083a00000, 0x0000000083b00000, 0x0000000083b00000|100%| O|  |TAMS 0x0000000083b00000, 0x0000000083b00000| Untracked 
|  59|0x0000000083b00000, 0x0000000083c00000, 0x0000000083c00000|100%| O|  |TAMS 0x0000000083c00000, 0x0000000083c00000| Untracked 
|  60|0x0000000083c00000, 0x0000000083d00000, 0x0000000083d00000|100%| O|  |TAMS 0x0000000083d00000, 0x0000000083d00000| Untracked 
|  61|0x0000000083d00000, 0x0000000083e00000, 0x0000000083e00000|100%|HS|  |TAMS 0x0000000083d00000, 0x0000000083d00000| Complete 
|  62|0x0000000083e00000, 0x0000000083f00000, 0x0000000083f00000|100%|HC|  |TAMS 0x0000000083e00000, 0x0000000083e00000| Complete 
|  63|0x0000000083f00000, 0x0000000084000000, 0x0000000084000000|100%| O|  |TAMS 0x0000000084000000, 0x0000000084000000| Untracked 
|  64|0x0000000084000000, 0x0000000084100000, 0x0000000084100000|100%| O|  |TAMS 0x0000000084100000, 0x0000000084100000| Untracked 
|  65|0x0000000084100000, 0x0000000084200000, 0x0000000084200000|100%| O|  |TAMS 0x0000000084200000, 0x0000000084200000| Untracked 
|  66|0x0000000084200000, 0x0000000084300000, 0x0000000084300000|100%| O|  |TAMS 0x0000000084300000, 0x0000000084300000| Untracked 
|  67|0x0000000084300000, 0x0000000084400000, 0x0000000084400000|100%| O|  |TAMS 0x0000000084400000, 0x0000000084400000| Untracked 
|  68|0x0000000084400000, 0x0000000084500000, 0x0000000084500000|100%| O|  |TAMS 0x0000000084500000, 0x0000000084500000| Untracked 
|  69|0x0000000084500000, 0x0000000084600000, 0x0000000084600000|100%| O|  |TAMS 0x0000000084600000, 0x0000000084600000| Untracked 
|  70|0x0000000084600000, 0x0000000084700000, 0x0000000084700000|100%| O|  |TAMS 0x0000000084700000, 0x0000000084700000| Untracked 
|  71|0x0000000084700000, 0x0000000084800000, 0x0000000084800000|100%| O|  |TAMS 0x0000000084800000, 0x0000000084800000| Untracked 
|  72|0x0000000084800000, 0x0000000084900000, 0x0000000084900000|100%| O|  |TAMS 0x0000000084900000, 0x0000000084900000| Untracked 
|  73|0x0000000084900000, 0x0000000084900000, 0x0000000084a00000|  0%| F|  |TAMS 0x0000000084900000, 0x0000000084900000| Untracked 
|  74|0x0000000084a00000, 0x0000000084b00000, 0x0000000084b00000|100%| O|  |TAMS 0x0000000084b00000, 0x0000000084b00000| Untracked 
|  75|0x0000000084b00000, 0x0000000084c00000, 0x0000000084c00000|100%| O|  |TAMS 0x0000000084c00000, 0x0000000084c00000| Untracked 
|  76|0x0000000084c00000, 0x0000000084d00000, 0x0000000084d00000|100%| O|  |TAMS 0x0000000084d00000, 0x0000000084d00000| Untracked 
|  77|0x0000000084d00000, 0x0000000084d00000, 0x0000000084e00000|  0%| F|  |TAMS 0x0000000084d00000, 0x0000000084d00000| Untracked 
|  78|0x0000000084e00000, 0x0000000084f00000, 0x0000000084f00000|100%|HS|  |TAMS 0x0000000084f00000, 0x0000000084f00000| Complete 
|  79|0x0000000084f00000, 0x0000000085000000, 0x0000000085000000|100%|HC|  |TAMS 0x0000000085000000, 0x0000000085000000| Complete 
|  80|0x0000000085000000, 0x0000000085000000, 0x0000000085100000|  0%| F|  |TAMS 0x0000000085000000, 0x0000000085000000| Untracked 
|  81|0x0000000085100000, 0x0000000085100000, 0x0000000085200000|  0%| F|  |TAMS 0x0000000085100000, 0x0000000085100000| Untracked 
|  82|0x0000000085200000, 0x0000000085200000, 0x0000000085300000|  0%| F|  |TAMS 0x0000000085200000, 0x0000000085200000| Untracked 
|  83|0x0000000085300000, 0x0000000085300000, 0x0000000085400000|  0%| F|  |TAMS 0x0000000085300000, 0x0000000085300000| Untracked 
|  84|0x0000000085400000, 0x0000000085400000, 0x0000000085500000|  0%| F|  |TAMS 0x0000000085400000, 0x0000000085400000| Untracked 
|  85|0x0000000085500000, 0x0000000085500000, 0x0000000085600000|  0%| F|  |TAMS 0x0000000085500000, 0x0000000085500000| Untracked 
|  86|0x0000000085600000, 0x0000000085700000, 0x0000000085700000|100%| O|  |TAMS 0x0000000085700000, 0x0000000085700000| Untracked 
|  87|0x0000000085700000, 0x0000000085800000, 0x0000000085800000|100%| O|  |TAMS 0x0000000085800000, 0x0000000085800000| Untracked 
|  88|0x0000000085800000, 0x0000000085900000, 0x0000000085900000|100%| O|  |TAMS 0x0000000085900000, 0x0000000085900000| Untracked 
|  89|0x0000000085900000, 0x0000000085900000, 0x0000000085a00000|  0%| F|  |TAMS 0x0000000085900000, 0x0000000085900000| Untracked 
|  90|0x0000000085a00000, 0x0000000085b00000, 0x0000000085b00000|100%| O|  |TAMS 0x0000000085b00000, 0x0000000085b00000| Untracked 
|  91|0x0000000085b00000, 0x0000000085b00000, 0x0000000085c00000|  0%| F|  |TAMS 0x0000000085b00000, 0x0000000085b00000| Untracked 
|  92|0x0000000085c00000, 0x0000000085c00000, 0x0000000085d00000|  0%| F|  |TAMS 0x0000000085c00000, 0x0000000085c00000| Untracked 
|  93|0x0000000085d00000, 0x0000000085e00000, 0x0000000085e00000|100%| O|  |TAMS 0x0000000085e00000, 0x0000000085e00000| Untracked 
|  94|0x0000000085e00000, 0x0000000085e00000, 0x0000000085f00000|  0%| F|  |TAMS 0x0000000085e00000, 0x0000000085e00000| Untracked 
|  95|0x0000000085f00000, 0x0000000085f00000, 0x0000000086000000|  0%| F|  |TAMS 0x0000000085f00000, 0x0000000085f00000| Untracked 
|  96|0x0000000086000000, 0x0000000086000000, 0x0000000086100000|  0%| F|  |TAMS 0x0000000086000000, 0x0000000086000000| Untracked 
|  97|0x0000000086100000, 0x0000000086100000, 0x0000000086200000|  0%| F|  |TAMS 0x0000000086100000, 0x0000000086100000| Untracked 
|  98|0x0000000086200000, 0x0000000086300000, 0x0000000086300000|100%| O|  |TAMS 0x0000000086300000, 0x0000000086300000| Untracked 
|  99|0x0000000086300000, 0x0000000086400000, 0x0000000086400000|100%| O|  |TAMS 0x0000000086400000, 0x0000000086400000| Untracked 
| 100|0x0000000086400000, 0x0000000086400000, 0x0000000086500000|  0%| F|  |TAMS 0x0000000086400000, 0x0000000086400000| Untracked 
| 101|0x0000000086500000, 0x0000000086600000, 0x0000000086600000|100%| O|  |TAMS 0x0000000086600000, 0x0000000086600000| Untracked 
| 102|0x0000000086600000, 0x0000000086700000, 0x0000000086700000|100%| O|  |TAMS 0x0000000086700000, 0x0000000086700000| Untracked 
| 103|0x0000000086700000, 0x0000000086800000, 0x0000000086800000|100%| O|  |TAMS 0x0000000086800000, 0x0000000086800000| Untracked 
| 104|0x0000000086800000, 0x0000000086900000, 0x0000000086900000|100%| O|  |TAMS 0x0000000086900000, 0x0000000086900000| Untracked 
| 105|0x0000000086900000, 0x0000000086a00000, 0x0000000086a00000|100%| O|  |TAMS 0x0000000086a00000, 0x0000000086a00000| Untracked 
| 106|0x0000000086a00000, 0x0000000086b00000, 0x0000000086b00000|100%| O|  |TAMS 0x0000000086b00000, 0x0000000086b00000| Untracked 
| 107|0x0000000086b00000, 0x0000000086c00000, 0x0000000086c00000|100%| O|  |TAMS 0x0000000086c00000, 0x0000000086c00000| Untracked 
| 108|0x0000000086c00000, 0x0000000086d00000, 0x0000000086d00000|100%| O|  |TAMS 0x0000000086d00000, 0x0000000086d00000| Untracked 
| 109|0x0000000086d00000, 0x0000000086e00000, 0x0000000086e00000|100%| O|  |TAMS 0x0000000086e00000, 0x0000000086e00000| Untracked 
| 110|0x0000000086e00000, 0x0000000086f00000, 0x0000000086f00000|100%| O|  |TAMS 0x0000000086e28000, 0x0000000086f00000| Untracked 
| 111|0x0000000086f00000, 0x0000000086f00000, 0x0000000087000000|  0%| F|  |TAMS 0x0000000086f00000, 0x0000000086f00000| Untracked 
| 112|0x0000000087000000, 0x0000000087100000, 0x0000000087100000|100%| O|  |TAMS 0x0000000087100000, 0x0000000087100000| Untracked 
| 113|0x0000000087100000, 0x0000000087100000, 0x0000000087200000|  0%| F|  |TAMS 0x0000000087100000, 0x0000000087100000| Untracked 
| 114|0x0000000087200000, 0x0000000087200000, 0x0000000087300000|  0%| F|  |TAMS 0x0000000087200000, 0x0000000087200000| Untracked 
| 115|0x0000000087300000, 0x0000000087300000, 0x0000000087400000|  0%| F|  |TAMS 0x0000000087300000, 0x0000000087300000| Untracked 
| 116|0x0000000087400000, 0x0000000087400000, 0x0000000087500000|  0%| F|  |TAMS 0x0000000087400000, 0x0000000087400000| Untracked 
| 117|0x0000000087500000, 0x0000000087500000, 0x0000000087600000|  0%| F|  |TAMS 0x0000000087500000, 0x0000000087500000| Untracked 
| 118|0x0000000087600000, 0x0000000087600000, 0x0000000087700000|  0%| F|  |TAMS 0x0000000087600000, 0x0000000087600000| Untracked 
| 119|0x0000000087700000, 0x0000000087700000, 0x0000000087800000|  0%| F|  |TAMS 0x0000000087700000, 0x0000000087700000| Untracked 
| 120|0x0000000087800000, 0x0000000087800000, 0x0000000087900000|  0%| F|  |TAMS 0x0000000087800000, 0x0000000087800000| Untracked 
| 121|0x0000000087900000, 0x0000000087900000, 0x0000000087a00000|  0%| F|  |TAMS 0x0000000087900000, 0x0000000087900000| Untracked 
| 122|0x0000000087a00000, 0x0000000087a00000, 0x0000000087b00000|  0%| F|  |TAMS 0x0000000087a00000, 0x0000000087a00000| Untracked 
| 123|0x0000000087b00000, 0x0000000087b00000, 0x0000000087c00000|  0%| F|  |TAMS 0x0000000087b00000, 0x0000000087b00000| Untracked 
| 124|0x0000000087c00000, 0x0000000087c00000, 0x0000000087d00000|  0%| F|  |TAMS 0x0000000087c00000, 0x0000000087c00000| Untracked 
| 125|0x0000000087d00000, 0x0000000087d00000, 0x0000000087e00000|  0%| F|  |TAMS 0x0000000087d00000, 0x0000000087d00000| Untracked 
| 126|0x0000000087e00000, 0x0000000087e00000, 0x0000000087f00000|  0%| F|  |TAMS 0x0000000087e00000, 0x0000000087e00000| Untracked 
| 127|0x0000000087f00000, 0x0000000087f00000, 0x0000000088000000|  0%| F|  |TAMS 0x0000000087f00000, 0x0000000087f00000| Untracked 
| 128|0x0000000088000000, 0x0000000088000000, 0x0000000088100000|  0%| F|  |TAMS 0x0000000088000000, 0x0000000088000000| Untracked 
| 129|0x0000000088100000, 0x0000000088100000, 0x0000000088200000|  0%| F|  |TAMS 0x0000000088100000, 0x0000000088100000| Untracked 
| 130|0x0000000088200000, 0x0000000088200000, 0x0000000088300000|  0%| F|  |TAMS 0x0000000088200000, 0x0000000088200000| Untracked 
| 131|0x0000000088300000, 0x0000000088300000, 0x0000000088400000|  0%| F|  |TAMS 0x0000000088300000, 0x0000000088300000| Untracked 
| 132|0x0000000088400000, 0x0000000088426010, 0x0000000088500000| 14%| S|CS|TAMS 0x0000000088400000, 0x0000000088400000| Complete 
| 133|0x0000000088500000, 0x0000000088600000, 0x0000000088600000|100%| S|CS|TAMS 0x0000000088500000, 0x0000000088500000| Complete 
| 134|0x0000000088600000, 0x0000000088700000, 0x0000000088700000|100%| S|CS|TAMS 0x0000000088600000, 0x0000000088600000| Complete 
| 135|0x0000000088700000, 0x0000000088800000, 0x0000000088800000|100%| S|CS|TAMS 0x0000000088700000, 0x0000000088700000| Complete 
| 136|0x0000000088800000, 0x0000000088900000, 0x0000000088900000|100%| S|CS|TAMS 0x0000000088800000, 0x0000000088800000| Complete 
| 137|0x0000000088900000, 0x0000000088a00000, 0x0000000088a00000|100%| S|CS|TAMS 0x0000000088900000, 0x0000000088900000| Complete 
| 138|0x0000000088a00000, 0x0000000088b00000, 0x0000000088b00000|100%| S|CS|TAMS 0x0000000088a00000, 0x0000000088a00000| Complete 
| 139|0x0000000088b00000, 0x0000000088b00000, 0x0000000088c00000|  0%| F|  |TAMS 0x0000000088b00000, 0x0000000088b00000| Untracked 
| 140|0x0000000088c00000, 0x0000000088c00000, 0x0000000088d00000|  0%| F|  |TAMS 0x0000000088c00000, 0x0000000088c00000| Untracked 
| 141|0x0000000088d00000, 0x0000000088d00000, 0x0000000088e00000|  0%| F|  |TAMS 0x0000000088d00000, 0x0000000088d00000| Untracked 
| 142|0x0000000088e00000, 0x0000000088e00000, 0x0000000088f00000|  0%| F|  |TAMS 0x0000000088e00000, 0x0000000088e00000| Untracked 
| 143|0x0000000088f00000, 0x0000000088f00000, 0x0000000089000000|  0%| F|  |TAMS 0x0000000088f00000, 0x0000000088f00000| Untracked 
| 144|0x0000000089000000, 0x0000000089000000, 0x0000000089100000|  0%| F|  |TAMS 0x0000000089000000, 0x0000000089000000| Untracked 
| 145|0x0000000089100000, 0x0000000089100000, 0x0000000089200000|  0%| F|  |TAMS 0x0000000089100000, 0x0000000089100000| Untracked 
| 146|0x0000000089200000, 0x0000000089200000, 0x0000000089300000|  0%| F|  |TAMS 0x0000000089200000, 0x0000000089200000| Untracked 
| 147|0x0000000089300000, 0x0000000089300000, 0x0000000089400000|  0%| F|  |TAMS 0x0000000089300000, 0x0000000089300000| Untracked 
| 148|0x0000000089400000, 0x0000000089400000, 0x0000000089500000|  0%| F|  |TAMS 0x0000000089400000, 0x0000000089400000| Untracked 
| 149|0x0000000089500000, 0x0000000089500000, 0x0000000089600000|  0%| F|  |TAMS 0x0000000089500000, 0x0000000089500000| Untracked 
| 150|0x0000000089600000, 0x0000000089600000, 0x0000000089700000|  0%| F|  |TAMS 0x0000000089600000, 0x0000000089600000| Untracked 
| 151|0x0000000089700000, 0x0000000089700000, 0x0000000089800000|  0%| F|  |TAMS 0x0000000089700000, 0x0000000089700000| Untracked 
| 152|0x0000000089800000, 0x0000000089800000, 0x0000000089900000|  0%| F|  |TAMS 0x0000000089800000, 0x0000000089800000| Untracked 
| 153|0x0000000089900000, 0x0000000089900000, 0x0000000089a00000|  0%| F|  |TAMS 0x0000000089900000, 0x0000000089900000| Untracked 
| 154|0x0000000089a00000, 0x0000000089a00000, 0x0000000089b00000|  0%| F|  |TAMS 0x0000000089a00000, 0x0000000089a00000| Untracked 
| 155|0x0000000089b00000, 0x0000000089b00000, 0x0000000089c00000|  0%| F|  |TAMS 0x0000000089b00000, 0x0000000089b00000| Untracked 
| 156|0x0000000089c00000, 0x0000000089c00000, 0x0000000089d00000|  0%| F|  |TAMS 0x0000000089c00000, 0x0000000089c00000| Untracked 
| 157|0x0000000089d00000, 0x0000000089d00000, 0x0000000089e00000|  0%| F|  |TAMS 0x0000000089d00000, 0x0000000089d00000| Untracked 
| 158|0x0000000089e00000, 0x0000000089e00000, 0x0000000089f00000|  0%| F|  |TAMS 0x0000000089e00000, 0x0000000089e00000| Untracked 
| 159|0x0000000089f00000, 0x0000000089f00000, 0x000000008a000000|  0%| F|  |TAMS 0x0000000089f00000, 0x0000000089f00000| Untracked 
| 160|0x000000008a000000, 0x000000008a000000, 0x000000008a100000|  0%| F|  |TAMS 0x000000008a000000, 0x000000008a000000| Untracked 
| 161|0x000000008a100000, 0x000000008a100000, 0x000000008a200000|  0%| F|  |TAMS 0x000000008a100000, 0x000000008a100000| Untracked 
| 162|0x000000008a200000, 0x000000008a200000, 0x000000008a300000|  0%| F|  |TAMS 0x000000008a200000, 0x000000008a200000| Untracked 
| 163|0x000000008a300000, 0x000000008a300000, 0x000000008a400000|  0%| F|  |TAMS 0x000000008a300000, 0x000000008a300000| Untracked 
| 164|0x000000008a400000, 0x000000008a400000, 0x000000008a500000|  0%| F|  |TAMS 0x000000008a400000, 0x000000008a400000| Untracked 
| 165|0x000000008a500000, 0x000000008a500000, 0x000000008a600000|  0%| F|  |TAMS 0x000000008a500000, 0x000000008a500000| Untracked 
| 166|0x000000008a600000, 0x000000008a600000, 0x000000008a700000|  0%| F|  |TAMS 0x000000008a600000, 0x000000008a600000| Untracked 
| 167|0x000000008a700000, 0x000000008a700000, 0x000000008a800000|  0%| F|  |TAMS 0x000000008a700000, 0x000000008a700000| Untracked 
| 168|0x000000008a800000, 0x000000008a800000, 0x000000008a900000|  0%| F|  |TAMS 0x000000008a800000, 0x000000008a800000| Untracked 
| 169|0x000000008a900000, 0x000000008a900000, 0x000000008aa00000|  0%| F|  |TAMS 0x000000008a900000, 0x000000008a900000| Untracked 
| 170|0x000000008aa00000, 0x000000008aa00000, 0x000000008ab00000|  0%| F|  |TAMS 0x000000008aa00000, 0x000000008aa00000| Untracked 
| 171|0x000000008ab00000, 0x000000008ab00000, 0x000000008ac00000|  0%| F|  |TAMS 0x000000008ab00000, 0x000000008ab00000| Untracked 
| 172|0x000000008ac00000, 0x000000008ac00000, 0x000000008ad00000|  0%| F|  |TAMS 0x000000008ac00000, 0x000000008ac00000| Untracked 
| 173|0x000000008ad00000, 0x000000008ad00000, 0x000000008ae00000|  0%| F|  |TAMS 0x000000008ad00000, 0x000000008ad00000| Untracked 
| 174|0x000000008ae00000, 0x000000008ae00000, 0x000000008af00000|  0%| F|  |TAMS 0x000000008ae00000, 0x000000008ae00000| Untracked 
| 175|0x000000008af00000, 0x000000008afa9518, 0x000000008b000000| 66%| E|  |TAMS 0x000000008af00000, 0x000000008af00000| Complete 
| 176|0x000000008b000000, 0x000000008b100000, 0x000000008b100000|100%| E|CS|TAMS 0x000000008b000000, 0x000000008b000000| Complete 

Card table byte_map: [0x000002163f210000,0x000002163f610000] _byte_map_base: 0x000002163ee10000

Marking Bits (Prev, Next): (CMBitMap*) 0x000002162b8bf248, (CMBitMap*) 0x000002162b8bf280
 Prev Bits: [0x000002163fa10000, 0x0000021641a10000)
 Next Bits: [0x0000021641a10000, 0x0000021643a10000)

Polling page: 0x0000021629ff0000

Metaspace:

Usage:
  Non-class:    113.20 MB capacity,   110.86 MB ( 98%) used,     1.86 MB (  2%) free+waste,   498.75 KB ( <1%) overhead. 
      Class:     16.70 MB capacity,    15.22 MB ( 91%) used,     1.27 MB (  8%) free+waste,   212.19 KB (  1%) overhead. 
       Both:    129.90 MB capacity,   126.08 MB ( 97%) used,     3.13 MB (  2%) free+waste,   710.94 KB ( <1%) overhead. 

Virtual space:
  Non-class space:      114.00 MB reserved,     113.78 MB (>99%) committed 
      Class space:        1.00 GB reserved,      16.88 MB (  2%) committed 
             Both:        1.11 GB reserved,     130.66 MB ( 11%) committed 

Chunk freelists:
   Non-Class:  403.00 KB
       Class:  145.00 KB
        Both:  548.00 KB

MaxMetaspaceSize: 17179869184.00 GB
CompressedClassSpaceSize: 1.00 GB
Initial GC threshold: 20.80 MB
Current GC threshold: 217.76 MB
CDS: off

CodeHeap 'non-profiled nmethods': size=120000Kb used=18434Kb max_used=18434Kb free=101565Kb
 bounds [0x0000021636e70000, 0x0000021638080000, 0x000002163e3a0000]
CodeHeap 'profiled nmethods': size=120000Kb used=55968Kb max_used=58799Kb free=64031Kb
 bounds [0x000002162f940000, 0x00000216332b0000, 0x0000021636e70000]
CodeHeap 'non-nmethods': size=5760Kb used=2451Kb max_used=2530Kb free=3308Kb
 bounds [0x000002162f3a0000, 0x000002162f630000, 0x000002162f940000]
 total_blobs=25279 nmethods=24310 adapters=878
 compilation: enabled
              stopped_count=0, restarted_count=0
 full_count=0

Compilation events (20 events):
Event: 4907.336 Thread 0x000002164646f000 28793       3       java.lang.invoke.DirectMethodHandle$Holder::invokeStatic (15 bytes)
Event: 4907.337 Thread 0x000002164646f000 nmethod 28793 0x00000216301a4f90 code [0x00000216301a5160, 0x00000216301a54d8]
Event: 4907.350 Thread 0x000002164646f000 28794       3       com.android.build.gradle.internal.SdkComponentsBuildService$VersionedSdkLoader::getSdkLoadStrategy (19 bytes)
Event: 4907.351 Thread 0x000002164646f000 nmethod 28794 0x000002163048c390 code [0x000002163048c560, 0x000002163048c808]
Event: 4907.351 Thread 0x000002164646f000 28795       3       com.android.build.gradle.internal.SdkComponentsBuildService$VersionedSdkLoader$sdkLoadStrategy$2::invoke (5 bytes)
Event: 4907.351 Thread 0x000002164646f000 nmethod 28795 0x00000216301bb990 code [0x00000216301bbb40, 0x00000216301bbc68]
Event: 4907.351 Thread 0x000002164646f000 28796       3       com.google.gson.internal.$Gson$Types$ParameterizedTypeImpl::hashCode (24 bytes)
Event: 4907.352 Thread 0x000002164646f000 nmethod 28796 0x000002162fd13d90 code [0x000002162fd13f80, 0x000002162fd14308]
Event: 4907.392 Thread 0x000002164a23a800 28797       4       sun.nio.fs.WindowsFileSystemProvider::getFileAttributeView (132 bytes)
Event: 4907.400 Thread 0x000002164a23a800 nmethod 28797 0x000002163806f710 code [0x000002163806f8e0, 0x000002163806fc98]
Event: 4907.406 Thread 0x000002164646f000 28798       3       org.gradle.api.internal.file.pattern.FixedStepPathMatcher::isPrefix (49 bytes)
Event: 4907.407 Thread 0x000002164646f000 nmethod 28798 0x000002162ff03c90 code [0x000002162ff03e60, 0x000002162ff04218]
Event: 4907.439 Thread 0x000002164646f000 28799       3       com.android.build.api.variant.impl.TaskProviderBasedDirectoryEntryImpl::asFileTree (51 bytes)
Event: 4907.440 Thread 0x000002164646f000 nmethod 28799 0x0000021630a4b010 code [0x0000021630a4b2a0, 0x0000021630a4bdd8]
Event: 4907.440 Thread 0x000002164646f000 28800       3       org.gradle.api.internal.file.collections.DefaultConfigurableFileTree::builtBy (11 bytes)
Event: 4907.442 Thread 0x000002164646f000 nmethod 28800 0x000002163031f510 code [0x000002163031f780, 0x0000021630320338]
Event: 4907.443 Thread 0x000002164646f000 28801       1       org.gradle.api.internal.classpath.DefaultModuleRegistry$DefaultModule::getImplementationClasspath (5 bytes)
Event: 4907.443 Thread 0x000002164646f000 nmethod 28801 0x000002163806ff90 code [0x0000021638070140, 0x00000216380701f8]
Event: 4907.570 Thread 0x000002164646a800 28802   !   4       java.nio.channels.spi.AbstractInterruptibleChannel::close (37 bytes)
Event: 4907.573 Thread 0x000002164646a800 nmethod 28802 0x0000021638070290 code [0x0000021638070440, 0x0000021638070888]

GC Heap History (20 events):
Event: 2654.718 GC heap before
{Heap before GC invocations=131 (full 0):
 garbage-first heap   total 181248K, used 133285K [0x0000000080000000, 0x0000000100000000)
  region size 1024K, 39 young (39936K), 1 survivors (1024K)
 Metaspace       used 128746K, capacity 132631K, committed 133024K, reserved 1165312K
  class space    used 15579K, capacity 17088K, committed 17280K, reserved 1048576K
}
Event: 2654.726 GC heap after
{Heap after GC invocations=132 (full 0):
 garbage-first heap   total 181248K, used 96964K [0x0000000080000000, 0x0000000100000000)
  region size 1024K, 2 young (2048K), 2 survivors (2048K)
 Metaspace       used 128746K, capacity 132631K, committed 133024K, reserved 1165312K
  class space    used 15579K, capacity 17088K, committed 17280K, reserved 1048576K
}
Event: 2791.367 GC heap before
{Heap before GC invocations=133 (full 0):
 garbage-first heap   total 181248K, used 140996K [0x0000000080000000, 0x0000000100000000)
  region size 1024K, 43 young (44032K), 2 survivors (2048K)
 Metaspace       used 128837K, capacity 132763K, committed 133280K, reserved 1165312K
  class space    used 15580K, capacity 17088K, committed 17280K, reserved 1048576K
}
Event: 2791.373 GC heap after
{Heap after GC invocations=134 (full 0):
 garbage-first heap   total 181248K, used 101235K [0x0000000080000000, 0x0000000100000000)
  region size 1024K, 6 young (6144K), 6 survivors (6144K)
 Metaspace       used 128837K, capacity 132763K, committed 133280K, reserved 1165312K
  class space    used 15580K, capacity 17088K, committed 17280K, reserved 1048576K
}
Event: 2791.404 GC heap before
{Heap before GC invocations=134 (full 0):
 garbage-first heap   total 181248K, used 102259K [0x0000000080000000, 0x0000000100000000)
  region size 1024K, 8 young (8192K), 6 survivors (6144K)
 Metaspace       used 128838K, capacity 132763K, committed 133280K, reserved 1165312K
  class space    used 15580K, capacity 17088K, committed 17280K, reserved 1048576K
}
Event: 2791.415 GC heap after
{Heap after GC invocations=135 (full 0):
 garbage-first heap   total 181248K, used 97824K [0x0000000080000000, 0x0000000100000000)
  region size 1024K, 1 young (1024K), 1 survivors (1024K)
 Metaspace       used 128838K, capacity 132763K, committed 133280K, reserved 1165312K
  class space    used 15580K, capacity 17088K, committed 17280K, reserved 1048576K
}
Event: 2791.636 GC heap before
{Heap before GC invocations=135 (full 0):
 garbage-first heap   total 181248K, used 107040K [0x0000000080000000, 0x0000000100000000)
  region size 1024K, 11 young (11264K), 1 survivors (1024K)
 Metaspace       used 128851K, capacity 132827K, committed 133280K, reserved 1165312K
  class space    used 15580K, capacity 17088K, committed 17280K, reserved 1048576K
}
Event: 2791.645 GC heap after
{Heap after GC invocations=136 (full 0):
 garbage-first heap   total 181248K, used 98703K [0x0000000080000000, 0x0000000100000000)
  region size 1024K, 2 young (2048K), 2 survivors (2048K)
 Metaspace       used 128851K, capacity 132827K, committed 133280K, reserved 1165312K
  class space    used 15580K, capacity 17088K, committed 17280K, reserved 1048576K
}
Event: 2792.146 GC heap before
{Heap before GC invocations=137 (full 0):
 garbage-first heap   total 181248K, used 145807K [0x0000000080000000, 0x0000000100000000)
  region size 1024K, 45 young (46080K), 2 survivors (2048K)
 Metaspace       used 129196K, capacity 133219K, committed 133536K, reserved 1165312K
  class space    used 15602K, capacity 17132K, committed 17280K, reserved 1048576K
}
Event: 2792.154 GC heap after
{Heap after GC invocations=138 (full 0):
 garbage-first heap   total 181248K, used 109556K [0x0000000080000000, 0x0000000100000000)
  region size 1024K, 6 young (6144K), 6 survivors (6144K)
 Metaspace       used 129196K, capacity 133219K, committed 133536K, reserved 1165312K
  class space    used 15602K, capacity 17132K, committed 17280K, reserved 1048576K
}
Event: 2792.177 GC heap before
{Heap before GC invocations=138 (full 0):
 garbage-first heap   total 181248K, used 111604K [0x0000000080000000, 0x0000000100000000)
  region size 1024K, 8 young (8192K), 6 survivors (6144K)
 Metaspace       used 129198K, capacity 133219K, committed 133536K, reserved 1165312K
  class space    used 15602K, capacity 17132K, committed 17280K, reserved 1048576K
}
Event: 2792.190 GC heap after
{Heap after GC invocations=139 (full 0):
 garbage-first heap   total 181248K, used 96310K [0x0000000080000000, 0x0000000100000000)
  region size 1024K, 1 young (1024K), 1 survivors (1024K)
 Metaspace       used 129198K, capacity 133219K, committed 133536K, reserved 1165312K
  class space    used 15602K, capacity 17132K, committed 17280K, reserved 1048576K
}
Event: 2792.506 GC heap before
{Heap before GC invocations=139 (full 0):
 garbage-first heap   total 181248K, used 136246K [0x0000000080000000, 0x0000000100000000)
  region size 1024K, 42 young (43008K), 1 survivors (1024K)
 Metaspace       used 129269K, capacity 133299K, committed 133792K, reserved 1165312K
  class space    used 15602K, capacity 17132K, committed 17280K, reserved 1048576K
}
Event: 2792.512 GC heap after
{Heap after GC invocations=140 (full 0):
 garbage-first heap   total 181248K, used 96538K [0x0000000080000000, 0x0000000100000000)
  region size 1024K, 2 young (2048K), 2 survivors (2048K)
 Metaspace       used 129269K, capacity 133299K, committed 133792K, reserved 1165312K
  class space    used 15602K, capacity 17132K, committed 17280K, reserved 1048576K
}
Event: 4905.698 GC heap before
{Heap before GC invocations=141 (full 0):
 garbage-first heap   total 181248K, used 144666K [0x0000000080000000, 0x0000000100000000)
  region size 1024K, 47 young (48128K), 2 survivors (2048K)
 Metaspace       used 129020K, capacity 132973K, committed 133792K, reserved 1165312K
  class space    used 15580K, capacity 17088K, committed 17280K, reserved 1048576K
}
Event: 4905.723 GC heap after
{Heap after GC invocations=142 (full 0):
 garbage-first heap   total 181248K, used 96785K [0x0000000080000000, 0x0000000100000000)
  region size 1024K, 2 young (2048K), 2 survivors (2048K)
 Metaspace       used 129020K, capacity 132973K, committed 133792K, reserved 1165312K
  class space    used 15580K, capacity 17088K, committed 17280K, reserved 1048576K
}
Event: 4906.040 GC heap before
{Heap before GC invocations=142 (full 0):
 garbage-first heap   total 181248K, used 102929K [0x0000000080000000, 0x0000000100000000)
  region size 1024K, 8 young (8192K), 2 survivors (2048K)
 Metaspace       used 129028K, capacity 132974K, committed 133792K, reserved 1165312K
  class space    used 15580K, capacity 17088K, committed 17280K, reserved 1048576K
}
Event: 4906.140 GC heap after
{Heap after GC invocations=143 (full 0):
 garbage-first heap   total 181248K, used 94128K [0x0000000080000000, 0x0000000100000000)
  region size 1024K, 1 young (1024K), 1 survivors (1024K)
 Metaspace       used 129028K, capacity 132974K, committed 133792K, reserved 1165312K
  class space    used 15580K, capacity 17088K, committed 17280K, reserved 1048576K
}
Event: 4907.495 GC heap before
{Heap before GC invocations=143 (full 0):
 garbage-first heap   total 181248K, used 129968K [0x0000000080000000, 0x0000000100000000)
  region size 1024K, 38 young (38912K), 1 survivors (1024K)
 Metaspace       used 129105K, capacity 133020K, committed 133792K, reserved 1165312K
  class space    used 15588K, capacity 17103K, committed 17280K, reserved 1048576K
}
Event: 4907.511 GC heap after
{Heap after GC invocations=144 (full 0):
 garbage-first heap   total 181248K, used 99400K [0x0000000080000000, 0x0000000100000000)
  region size 1024K, 7 young (7168K), 7 survivors (7168K)
 Metaspace       used 129105K, capacity 133020K, committed 133792K, reserved 1165312K
  class space    used 15588K, capacity 17103K, committed 17280K, reserved 1048576K
}

Deoptimization events (20 events):
Event: 2792.307 Thread 0x00000216473b5800 DEOPT PACKING pc=0x0000021637f537d8 sp=0x00000090c0bfb820
Event: 2792.307 Thread 0x00000216473b5800 DEOPT UNPACKING pc=0x000002162f3a85af sp=0x00000090c0bfb7d8 mode 2
Event: 2792.315 Thread 0x00000216473b5800 DEOPT PACKING pc=0x0000021632b26558 sp=0x00000090c0bfb7e0
Event: 2792.315 Thread 0x00000216473b5800 DEOPT UNPACKING pc=0x000002162f3e9d0e sp=0x00000090c0bfb078 mode 0
Event: 2792.320 Thread 0x00000216473b5800 Uncommon trap: trap_request=0xffffffbe fr.pc=0x0000021637e6afe0 relative=0x000000000000a740
Event: 2792.320 Thread 0x00000216473b5800 Uncommon trap: reason=profile_predicate action=maybe_recompile pc=0x0000021637e6afe0 method=com.android.tools.r8.internal.Ra.a(Lcom/android/tools/r8/internal/eb;[Lcom/android/tools/r8/internal/Z3;I)V @ 1660 c2
Event: 2792.320 Thread 0x00000216473b5800 DEOPT PACKING pc=0x0000021637e6afe0 sp=0x00000090c0bfb8d0
Event: 2792.320 Thread 0x00000216473b5800 DEOPT UNPACKING pc=0x000002162f3a85af sp=0x00000090c0bfb850 mode 2
Event: 2792.399 Thread 0x000002164f076000 DEOPT PACKING pc=0x00000216308b9de0 sp=0x00000090c11fdf90
Event: 2792.399 Thread 0x000002164f076000 DEOPT UNPACKING pc=0x000002162f3e9d0e sp=0x00000090c11fd450 mode 0
Event: 4907.315 Thread 0x0000021647382000 DEOPT PACKING pc=0x0000021630d446a2 sp=0x00000090c00fac50
Event: 4907.315 Thread 0x0000021647382000 DEOPT UNPACKING pc=0x000002162f3e9d0e sp=0x00000090c00fa0e0 mode 0
Event: 4907.380 Thread 0x0000021647382000 Uncommon trap: trap_request=0xffffffc6 fr.pc=0x0000021637a1d464 relative=0x0000000000000164
Event: 4907.380 Thread 0x0000021647382000 Uncommon trap: reason=bimorphic_or_optimized_type_check action=maybe_recompile pc=0x0000021637a1d464 method=org.gradle.api.internal.tasks.compile.incremental.compilerapi.deps.DependentsSet.dependents(Ljava/util/Set;Ljava/util/Set;Ljava/util/Set;)Lorg/grad
Event: 4907.380 Thread 0x0000021647382000 DEOPT PACKING pc=0x0000021637a1d464 sp=0x00000090c00fa270
Event: 4907.381 Thread 0x0000021647382000 DEOPT UNPACKING pc=0x000002162f3a85af sp=0x00000090c00fa220 mode 2
Event: 4907.381 Thread 0x0000021647382000 Uncommon trap: trap_request=0xffffffc6 fr.pc=0x0000021637a1d464 relative=0x0000000000000164
Event: 4907.381 Thread 0x0000021647382000 Uncommon trap: reason=bimorphic_or_optimized_type_check action=maybe_recompile pc=0x0000021637a1d464 method=org.gradle.api.internal.tasks.compile.incremental.compilerapi.deps.DependentsSet.dependents(Ljava/util/Set;Ljava/util/Set;Ljava/util/Set;)Lorg/grad
Event: 4907.381 Thread 0x0000021647382000 DEOPT PACKING pc=0x0000021637a1d464 sp=0x00000090c00fa270
Event: 4907.381 Thread 0x0000021647382000 DEOPT UNPACKING pc=0x000002162f3a85af sp=0x00000090c00fa220 mode 2

Classes redefined (0 events):
No events

Internal exceptions (20 events):
Event: 2792.288 Thread 0x00000216473b5800 Exception <a 'sun/nio/fs/WindowsException'{0x000000008a6a9538}> (0x000000008a6a9538) thrown at [./src/hotspot/share/prims/jni.cpp, line 616]
Event: 2792.359 Thread 0x00000216473b5800 Exception <a 'sun/nio/fs/WindowsException'{0x0000000089cfc2d0}> (0x0000000089cfc2d0) thrown at [./src/hotspot/share/prims/jni.cpp, line 616]
Event: 2792.361 Thread 0x00000216473b5800 Exception <a 'sun/nio/fs/WindowsException'{0x0000000089b47348}> (0x0000000089b47348) thrown at [./src/hotspot/share/prims/jni.cpp, line 616]
Event: 2792.402 Thread 0x000002164f076000 Exception <a 'sun/nio/fs/WindowsException'{0x00000000899214d8}> (0x00000000899214d8) thrown at [./src/hotspot/share/prims/jni.cpp, line 616]
Event: 2792.402 Thread 0x000002164f071000 Exception <a 'sun/nio/fs/WindowsException'{0x0000000089928d00}> (0x0000000089928d00) thrown at [./src/hotspot/share/prims/jni.cpp, line 616]
Event: 2792.410 Thread 0x000002164f071000 Exception <a 'sun/nio/fs/WindowsException'{0x0000000089706c58}> (0x0000000089706c58) thrown at [./src/hotspot/share/prims/jni.cpp, line 616]
Event: 2792.420 Thread 0x000002164f076000 Exception <a 'sun/nio/fs/WindowsException'{0x0000000089625cb8}> (0x0000000089625cb8) thrown at [./src/hotspot/share/prims/jni.cpp, line 616]
Event: 2792.732 Thread 0x000002164f077800 Exception <a 'sun/nio/fs/WindowsException'{0x000000008af82560}> (0x000000008af82560) thrown at [./src/hotspot/share/prims/jni.cpp, line 616]
Event: 2792.736 Thread 0x0000021647379000 Exception <a 'sun/nio/fs/WindowsException'{0x000000008af51a60}> (0x000000008af51a60) thrown at [./src/hotspot/share/prims/jni.cpp, line 616]
Event: 2792.736 Thread 0x0000021647379000 Exception <a 'sun/nio/fs/WindowsException'{0x000000008af51ae0}> (0x000000008af51ae0) thrown at [./src/hotspot/share/prims/jni.cpp, line 616]
Event: 2792.736 Thread 0x0000021647379000 Exception <a 'sun/nio/fs/WindowsException'{0x000000008af53530}> (0x000000008af53530) thrown at [./src/hotspot/share/prims/jni.cpp, line 616]
Event: 4906.616 Thread 0x0000021659c99800 Exception <a 'sun/nio/fs/WindowsException'{0x000000008a357430}> (0x000000008a357430) thrown at [./src/hotspot/share/prims/jni.cpp, line 616]
Event: 4906.790 Thread 0x0000021659c99800 Exception <a 'java/lang/NoClassDefFoundError'{0x0000000089f33910}: org/jetbrains/kotlin/gradle/plugin/KotlinBasePluginWrapper> (0x0000000089f33910) thrown at [./src/hotspot/share/oops/constantPool.cpp, line 775]
Event: 4906.877 Thread 0x0000021659c99800 Exception <a 'sun/nio/fs/WindowsException'{0x0000000089db1148}> (0x0000000089db1148) thrown at [./src/hotspot/share/prims/jni.cpp, line 616]
Event: 4906.940 Thread 0x0000021659c99800 Exception <a 'sun/nio/fs/WindowsException'{0x0000000089c51778}> (0x0000000089c51778) thrown at [./src/hotspot/share/prims/jni.cpp, line 616]
Event: 4906.942 Thread 0x0000021659c99800 Exception <a 'sun/nio/fs/WindowsException'{0x0000000089c52c70}> (0x0000000089c52c70) thrown at [./src/hotspot/share/prims/jni.cpp, line 616]
Event: 4906.942 Thread 0x0000021659c99800 Exception <a 'sun/nio/fs/WindowsException'{0x0000000089c541b8}> (0x0000000089c541b8) thrown at [./src/hotspot/share/prims/jni.cpp, line 616]
Event: 4906.942 Thread 0x0000021659c99800 Exception <a 'sun/nio/fs/WindowsException'{0x0000000089c55700}> (0x0000000089c55700) thrown at [./src/hotspot/share/prims/jni.cpp, line 616]
Event: 4907.080 Thread 0x0000021659c99800 Exception <a 'sun/nio/fs/WindowsException'{0x000000008993c3a0}> (0x000000008993c3a0) thrown at [./src/hotspot/share/prims/jni.cpp, line 616]
Event: 4907.582 Thread 0x0000021647382000 Exception <a 'sun/nio/fs/WindowsException'{0x000000008b0f1db8}> (0x000000008b0f1db8) thrown at [./src/hotspot/share/prims/jni.cpp, line 616]

Events (20 events):
Event: 4907.291 Executing VM operation: RevokeBias
Event: 4907.292 Executing VM operation: RevokeBias done
Event: 4907.292 Executing VM operation: RevokeBias
Event: 4907.292 Executing VM operation: RevokeBias done
Event: 4907.292 Executing VM operation: BulkRevokeBias
Event: 4907.294 Executing VM operation: BulkRevokeBias done
Event: 4907.361 Thread 0x0000021647383000 Thread added: 0x0000021647383000
Event: 4907.361 Thread 0x000002164737d000 Thread added: 0x000002164737d000
Event: 4907.362 Thread 0x000002164c016800 Thread added: 0x000002164c016800
Event: 4907.362 Thread 0x000002164c017000 Thread added: 0x000002164c017000
Event: 4907.362 Thread 0x000002164c014000 Thread added: 0x000002164c014000
Event: 4907.363 Thread 0x000002164c015800 Thread added: 0x000002164c015800
Event: 4907.363 Thread 0x000002164c015000 Thread added: 0x000002164c015000
Event: 4907.363 Thread 0x000002164c018000 Thread added: 0x000002164c018000
Event: 4907.384 loading class org/gradle/api/internal/tasks/compile/incremental/recomp/FileNameDerivingClassNameConverter
Event: 4907.384 loading class org/gradle/api/internal/tasks/compile/incremental/recomp/FileNameDerivingClassNameConverter done
Event: 4907.494 Executing VM operation: G1CollectForAllocation
Event: 4907.511 Executing VM operation: G1CollectForAllocation done
Event: 4907.570 Thread 0x000002164a23a800 Thread exited: 0x000002164a23a800
Event: 4907.632 Executing VM operation: CGC_Operation


Dynamic libraries:
0x00007ff6251d0000 - 0x00007ff6251da000 	C:\Program Files\Android\Android Studio\jre\bin\java.exe
0x00007ffcbfb20000 - 0x00007ffcbfd29000 	C:\WINDOWS\SYSTEM32\ntdll.dll
0x00007ffcbec00000 - 0x00007ffcbecbd000 	C:\WINDOWS\System32\KERNEL32.DLL
0x00007ffcbd200000 - 0x00007ffcbd57b000 	C:\WINDOWS\System32\KERNELBASE.dll
0x00007ffcbcff0000 - 0x00007ffcbd101000 	C:\WINDOWS\System32\ucrtbase.dll
0x00007ffca94c0000 - 0x00007ffca94d9000 	C:\Program Files\Android\Android Studio\jre\bin\jli.dll
0x00007ffc866e0000 - 0x00007ffc866f7000 	C:\Program Files\Android\Android Studio\jre\bin\VCRUNTIME140.dll
0x00007ffcbf200000 - 0x00007ffcbf3ad000 	C:\WINDOWS\System32\USER32.dll
0x00007ffcacd60000 - 0x00007ffcad005000 	C:\WINDOWS\WinSxS\amd64_microsoft.windows.common-controls_6595b64144ccf1df_6.0.22000.120_none_9d947278b86cc467\COMCTL32.dll
0x00007ffcbd620000 - 0x00007ffcbd646000 	C:\WINDOWS\System32\win32u.dll
0x00007ffcbf8e0000 - 0x00007ffcbf983000 	C:\WINDOWS\System32\msvcrt.dll
0x00007ffcbe560000 - 0x00007ffcbe589000 	C:\WINDOWS\System32\GDI32.dll
0x00007ffcbd7c0000 - 0x00007ffcbd8d8000 	C:\WINDOWS\System32\gdi32full.dll
0x00007ffcbd580000 - 0x00007ffcbd61d000 	C:\WINDOWS\System32\msvcp_win.dll
0x00007ffcbf4d0000 - 0x00007ffcbf501000 	C:\WINDOWS\System32\IMM32.DLL
0x00007ffc78ac0000 - 0x00007ffc78b5d000 	C:\Program Files\Android\Android Studio\jre\bin\msvcp140.dll
0x00007ffc74350000 - 0x00007ffc74e52000 	C:\Program Files\Android\Android Studio\jre\bin\server\jvm.dll
0x00007ffcbf150000 - 0x00007ffcbf1fe000 	C:\WINDOWS\System32\ADVAPI32.dll
0x00007ffcbecc0000 - 0x00007ffcbed5e000 	C:\WINDOWS\System32\sechost.dll
0x00007ffcbe280000 - 0x00007ffcbe3a0000 	C:\WINDOWS\System32\RPCRT4.dll
0x00007ffcbe240000 - 0x00007ffcbe248000 	C:\WINDOWS\System32\PSAPI.DLL
0x00007ffcb7160000 - 0x00007ffcb7193000 	C:\WINDOWS\SYSTEM32\WINMM.dll
0x00007ffcb97f0000 - 0x00007ffcb97f9000 	C:\WINDOWS\SYSTEM32\WSOCK32.dll
0x00007ffcbf650000 - 0x00007ffcbf6bf000 	C:\WINDOWS\System32\WS2_32.dll
0x00007ffcb6030000 - 0x00007ffcb603a000 	C:\WINDOWS\SYSTEM32\VERSION.dll
0x00007ffcbc040000 - 0x00007ffcbc058000 	C:\WINDOWS\SYSTEM32\kernel.appcore.dll
0x00007ffcb97d0000 - 0x00007ffcb97e1000 	C:\Program Files\Android\Android Studio\jre\bin\verify.dll
0x00007ffcb3600000 - 0x00007ffcb3821000 	C:\WINDOWS\SYSTEM32\DBGHELP.DLL
0x00007ffcac780000 - 0x00007ffcac7b1000 	C:\WINDOWS\SYSTEM32\dbgcore.DLL
0x00007ffcbd110000 - 0x00007ffcbd18f000 	C:\WINDOWS\System32\bcryptPrimitives.dll
0x00007ffcb7200000 - 0x00007ffcb7229000 	C:\Program Files\Android\Android Studio\jre\bin\java.dll
0x00007ffcb71f0000 - 0x00007ffcb71fb000 	C:\Program Files\Android\Android Studio\jre\bin\jimage.dll
0x00007ffcad390000 - 0x00007ffcad3a8000 	C:\Program Files\Android\Android Studio\jre\bin\zip.dll
0x00007ffcbd9a0000 - 0x00007ffcbe158000 	C:\WINDOWS\System32\SHELL32.dll
0x00007ffcbb0a0000 - 0x00007ffcbb905000 	C:\WINDOWS\SYSTEM32\windows.storage.dll
0x00007ffcbedd0000 - 0x00007ffcbf147000 	C:\WINDOWS\System32\combase.dll
0x00007ffcbaf30000 - 0x00007ffcbb096000 	C:\WINDOWS\SYSTEM32\wintypes.dll
0x00007ffcbe620000 - 0x00007ffcbe70a000 	C:\WINDOWS\System32\SHCORE.dll
0x00007ffcbf5f0000 - 0x00007ffcbf64d000 	C:\WINDOWS\System32\shlwapi.dll
0x00007ffcbcf20000 - 0x00007ffcbcf41000 	C:\WINDOWS\SYSTEM32\profapi.dll
0x00007ffcad2a0000 - 0x00007ffcad2ba000 	C:\Program Files\Android\Android Studio\jre\bin\net.dll
0x00007ffcb76e0000 - 0x00007ffcb77ec000 	C:\WINDOWS\SYSTEM32\WINHTTP.dll
0x00007ffcbc510000 - 0x00007ffcbc577000 	C:\WINDOWS\system32\mswsock.dll
0x00007ffcad270000 - 0x00007ffcad284000 	C:\Program Files\Android\Android Studio\jre\bin\nio.dll
0x00007ffcaa080000 - 0x00007ffcaa0a7000 	C:\Users\jstei\.gradle\native\e1d6ef7f7dcc3fd88c89a11ec53ec762bb8ba0a96d01ffa2cd45eb1d1d8dd5c5\windows-amd64\native-platform.dll
0x00007ffc722d0000 - 0x00007ffc72414000 	C:\Users\jstei\.gradle\native\0d407fdbe67a94daf76414ababcb853783967236a71b16ec16e742cd7a986fd3\windows-amd64\native-platform-file-events.dll
0x00007ffcb2810000 - 0x00007ffcb281a000 	C:\Program Files\Android\Android Studio\jre\bin\management.dll
0x00007ffcad380000 - 0x00007ffcad38d000 	C:\Program Files\Android\Android Studio\jre\bin\management_ext.dll
0x00007ffcbc7c0000 - 0x00007ffcbc7d8000 	C:\WINDOWS\SYSTEM32\CRYPTSP.dll
0x00007ffcbbfa0000 - 0x00007ffcbbfd5000 	C:\WINDOWS\system32\rsaenh.dll
0x00007ffcbc670000 - 0x00007ffcbc699000 	C:\WINDOWS\SYSTEM32\USERENV.dll
0x00007ffcbc950000 - 0x00007ffcbc977000 	C:\WINDOWS\SYSTEM32\bcrypt.dll
0x00007ffcbc7e0000 - 0x00007ffcbc7ec000 	C:\WINDOWS\SYSTEM32\CRYPTBASE.dll
0x00007ffcbbb50000 - 0x00007ffcbbb7d000 	C:\WINDOWS\SYSTEM32\IPHLPAPI.DLL
0x00007ffcbe710000 - 0x00007ffcbe719000 	C:\WINDOWS\System32\NSI.dll
0x00007ffcb74f0000 - 0x00007ffcb7509000 	C:\WINDOWS\SYSTEM32\dhcpcsvc6.DLL
0x00007ffcb7ba0000 - 0x00007ffcb7bbe000 	C:\WINDOWS\SYSTEM32\dhcpcsvc.DLL
0x00007ffcbbb80000 - 0x00007ffcbbc68000 	C:\WINDOWS\SYSTEM32\DNSAPI.dll
0x00007ffcad120000 - 0x00007ffcad147000 	C:\Program Files\Android\Android Studio\jre\bin\sunec.dll

dbghelp: loaded successfully - version: 4.0.5 - missing functions: none
symbol engine: initialized successfully - sym options: 0x614 - pdb path: .;C:\Program Files\Android\Android Studio\jre\bin;C:\WINDOWS\SYSTEM32;C:\WINDOWS\WinSxS\amd64_microsoft.windows.common-controls_6595b64144ccf1df_6.0.22000.120_none_9d947278b86cc467;C:\Program Files\Android\Android Studio\jre\bin\server;C:\Users\jstei\.gradle\native\e1d6ef7f7dcc3fd88c89a11ec53ec762bb8ba0a96d01ffa2cd45eb1d1d8dd5c5\windows-amd64;C:\Users\jstei\.gradle\native\0d407fdbe67a94daf76414ababcb853783967236a71b16ec16e742cd7a986fd3\windows-amd64

VM Arguments:
jvm_args: --add-opens=java.base/java.util=ALL-UNNAMED --add-opens=java.base/java.lang=ALL-UNNAMED --add-opens=java.base/java.lang.invoke=ALL-UNNAMED --add-opens=java.base/java.util=ALL-UNNAMED --add-opens=java.prefs/java.util.prefs=ALL-UNNAMED --add-opens=java.prefs/java.util.prefs=ALL-UNNAMED --add-opens=java.base/java.nio.charset=ALL-UNNAMED --add-opens=java.base/java.net=ALL-UNNAMED --add-opens=java.base/java.util.concurrent.atomic=ALL-UNNAMED -Xmx2048m -Dfile.encoding=UTF-8 -Duser.country=GB -Duser.language=en -Duser.variant 
java_command: org.gradle.launcher.daemon.bootstrap.GradleDaemon 7.4
java_class_path (initial): C:\Users\jstei\.gradle\wrapper\dists\gradle-7.4-bin\c0gwcg53nkjbqw7r0h0umtfvt\gradle-7.4\lib\gradle-launcher-7.4.jar
Launcher Type: SUN_STANDARD

[Global flags]
     intx CICompilerCount                          = 4                                         {product} {ergonomic}
     uint ConcGCThreads                            = 2                                         {product} {ergonomic}
     uint G1ConcRefinementThreads                  = 8                                         {product} {ergonomic}
   size_t G1HeapRegionSize                         = 1048576                                   {product} {ergonomic}
    uintx GCDrainStackTargetSize                   = 64                                        {product} {ergonomic}
   size_t InitialHeapSize                          = 127926272                                 {product} {ergonomic}
   size_t MarkStackSize                            = 4194304                                   {product} {ergonomic}
   size_t MaxHeapSize                              = 2147483648                                {product} {command line}
   size_t MaxNewSize                               = 1287651328                                {product} {ergonomic}
   size_t MinHeapDeltaBytes                        = 1048576                                   {product} {ergonomic}
    uintx NonNMethodCodeHeapSize                   = 5836300                                {pd product} {ergonomic}
    uintx NonProfiledCodeHeapSize                  = 122910970                              {pd product} {ergonomic}
    uintx ProfiledCodeHeapSize                     = 122910970                              {pd product} {ergonomic}
    uintx ReservedCodeCacheSize                    = 251658240                              {pd product} {ergonomic}
     bool SegmentedCodeCache                       = true                                      {product} {ergonomic}
     bool UseCompressedClassPointers               = true                                 {lp64_product} {ergonomic}
     bool UseCompressedOops                        = true                                 {lp64_product} {ergonomic}
     bool UseG1GC                                  = true                                      {product} {ergonomic}
     bool UseLargePagesIndividualAllocation        = false                                  {pd product} {ergonomic}

Logging:
Log output configuration:
 #0: stdout all=warning uptime,level,tags
 #1: stderr all=off uptime,level,tags

Environment Variables:
PATH=C:\Program Files (x86)\Common Files\Oracle\Java\javapath;C:\WINDOWS\system32;C:\WINDOWS;C:\WINDOWS\System32\Wbem;C:\WINDOWS\System32\WindowsPowerShell\v1.0\;C:\WINDOWS\System32\OpenSSH\;C:\Users\jstei\AppData\Local\Microsoft\WindowsApps;
USERNAME=jstei
OS=Windows_NT
PROCESSOR_IDENTIFIER=Intel64 Family 6 Model 126 Stepping 5, GenuineIntel



---------------  S Y S T E M  ---------------

OS: Windows 11 , 64 bit Build 22000 (10.0.22000.708)
OS uptime: 6 days 7:41 hours
Hyper-V role detected

CPU:total 8 (initial active 8) (4 cores per cpu, 2 threads per core) family 6 model 126 stepping 5 microcode 0xb0, cmov, cx8, fxsr, mmx, sse, sse2, sse3, ssse3, sse4.1, sse4.2, popcnt, avx, avx2, aes, clmul, erms, 3dnowpref, lzcnt, ht, tsc, tscinvbit, bmi1, bmi2, adx, evex, sha, fma

Memory: 4k page, system-wide physical 7778M (649M free)
TotalPageFile size 15760M (AvailPageFile size 4383M)
current process WorkingSet (physical memory assigned to process): 448M, peak: 515M
current process commit charge ("private bytes"): 616M, peak: 624M

vm_info: OpenJDK 64-Bit Server VM (11.0.13+0-b1751.21-8125866) for windows-amd64 JRE (11.0.13+0-b1751.21-8125866), built on Feb  2 2022 03:00:22 by "builder" with MS VC++ 14.0 (VS2015)

END.
